{"total": {"lines":{"total":13140,"covered":11938,"skipped":0,"pct":90.85},"statements":{"total":13510,"covered":12256,"skipped":0,"pct":90.71},"functions":{"total":3581,"covered":3173,"skipped":0,"pct":88.6},"branches":{"total":9297,"covered":7377,"skipped":0,"pct":79.34},"branchesTrue":{"total":0,"covered":0,"skipped":0,"pct":100}}
,"/Users/pauldiloreto/Projects/allstarr/src/router.tsx": {"lines":{"total":4,"covered":4,"skipped":0,"pct":100},"functions":{"total":1,"covered":1,"skipped":0,"pct":100},"statements":{"total":4,"covered":4,"skipped":0,"pct":100},"branches":{"total":0,"covered":0,"skipped":0,"pct":100}}
,"/Users/pauldiloreto/Projects/allstarr/src/components/NotFound.tsx": {"lines":{"total":1,"covered":1,"skipped":0,"pct":100},"functions":{"total":1,"covered":1,"skipped":0,"pct":100},"statements":{"total":1,"covered":1,"skipped":0,"pct":100},"branches":{"total":0,"covered":0,"skipped":0,"pct":100}}
,"/Users/pauldiloreto/Projects/allstarr/src/components/activity/blocklist-tab.tsx": {"lines":{"total":49,"covered":49,"skipped":0,"pct":100},"functions":{"total":15,"covered":15,"skipped":0,"pct":100},"statements":{"total":50,"covered":50,"skipped":0,"pct":100},"branches":{"total":28,"covered":28,"skipped":0,"pct":100}}
,"/Users/pauldiloreto/Projects/allstarr/src/components/activity/content-type-filter.tsx": {"lines":{"total":4,"covered":4,"skipped":0,"pct":100},"functions":{"total":3,"covered":3,"skipped":0,"pct":100},"statements":{"total":4,"covered":4,"skipped":0,"pct":100},"branches":{"total":2,"covered":2,"skipped":0,"pct":100}}
,"/Users/pauldiloreto/Projects/allstarr/src/components/activity/history-tab.tsx": {"lines":{"total":55,"covered":55,"skipped":0,"pct":100},"functions":{"total":10,"covered":10,"skipped":0,"pct":100},"statements":{"total":55,"covered":55,"skipped":0,"pct":100},"branches":{"total":52,"covered":52,"skipped":0,"pct":100}}
,"/Users/pauldiloreto/Projects/allstarr/src/components/activity/queue-connection-banner.tsx": {"lines":{"total":7,"covered":7,"skipped":0,"pct":100},"functions":{"total":5,"covered":5,"skipped":0,"pct":100},"statements":{"total":9,"covered":9,"skipped":0,"pct":100},"branches":{"total":2,"covered":2,"skipped":0,"pct":100}}
,"/Users/pauldiloreto/Projects/allstarr/src/components/activity/queue-item-row.tsx": {"lines":{"total":24,"covered":24,"skipped":0,"pct":100},"functions":{"total":9,"covered":9,"skipped":0,"pct":100},"statements":{"total":24,"covered":24,"skipped":0,"pct":100},"branches":{"total":34,"covered":34,"skipped":0,"pct":100}}
,"/Users/pauldiloreto/Projects/allstarr/src/components/activity/queue-summary-bar.tsx": {"lines":{"total":12,"covered":12,"skipped":0,"pct":100},"functions":{"total":9,"covered":9,"skipped":0,"pct":100},"statements":{"total":17,"covered":17,"skipped":0,"pct":100},"branches":{"total":10,"covered":10,"skipped":0,"pct":100}}
,"/Users/pauldiloreto/Projects/allstarr/src/components/activity/queue-tab.tsx": {"lines":{"total":47,"covered":47,"skipped":0,"pct":100},"functions":{"total":18,"covered":18,"skipped":0,"pct":100},"statements":{"total":50,"covered":50,"skipped":0,"pct":100},"branches":{"total":41,"covered":41,"skipped":0,"pct":100}}
,"/Users/pauldiloreto/Projects/allstarr/src/components/activity/remove-download-dialog.tsx": {"lines":{"total":15,"covered":15,"skipped":0,"pct":100},"functions":{"total":7,"covered":7,"skipped":0,"pct":100},"statements":{"total":15,"covered":15,"skipped":0,"pct":100},"branches":{"total":6,"covered":6,"skipped":0,"pct":100}}
,"/Users/pauldiloreto/Projects/allstarr/src/components/bookshelf/authors/author-card.tsx": {"lines":{"total":2,"covered":2,"skipped":0,"pct":100},"functions":{"total":1,"covered":1,"skipped":0,"pct":100},"statements":{"total":2,"covered":2,"skipped":0,"pct":100},"branches":{"total":5,"covered":5,"skipped":0,"pct":100}}
,"/Users/pauldiloreto/Projects/allstarr/src/components/bookshelf/authors/author-form.tsx": {"lines":{"total":12,"covered":12,"skipped":0,"pct":100},"functions":{"total":6,"covered":6,"skipped":0,"pct":100},"statements":{"total":13,"covered":13,"skipped":0,"pct":100},"branches":{"total":11,"covered":9,"skipped":0,"pct":81.81}}
,"/Users/pauldiloreto/Projects/allstarr/src/components/bookshelf/authors/author-table.tsx": {"lines":{"total":50,"covered":46,"skipped":0,"pct":92},"functions":{"total":15,"covered":14,"skipped":0,"pct":93.33},"statements":{"total":51,"covered":47,"skipped":0,"pct":92.15},"branches":{"total":44,"covered":33,"skipped":0,"pct":75}}
,"/Users/pauldiloreto/Projects/allstarr/src/components/bookshelf/books/additional-authors.tsx": {"lines":{"total":29,"covered":26,"skipped":0,"pct":89.65},"functions":{"total":10,"covered":8,"skipped":0,"pct":80},"statements":{"total":29,"covered":26,"skipped":0,"pct":89.65},"branches":{"total":37,"covered":34,"skipped":0,"pct":91.89}}
,"/Users/pauldiloreto/Projects/allstarr/src/components/bookshelf/books/base-book-table.tsx": {"lines":{"total":47,"covered":45,"skipped":0,"pct":95.74},"functions":{"total":27,"covered":25,"skipped":0,"pct":92.59},"statements":{"total":47,"covered":45,"skipped":0,"pct":95.74},"branches":{"total":81,"covered":72,"skipped":0,"pct":88.88}}
,"/Users/pauldiloreto/Projects/allstarr/src/components/bookshelf/books/book-card.tsx": {"lines":{"total":13,"covered":12,"skipped":0,"pct":92.3},"functions":{"total":6,"covered":5,"skipped":0,"pct":83.33},"statements":{"total":14,"covered":12,"skipped":0,"pct":85.71},"branches":{"total":10,"covered":9,"skipped":0,"pct":90}}
,"/Users/pauldiloreto/Projects/allstarr/src/components/bookshelf/books/book-delete-dialog.tsx": {"lines":{"total":15,"covered":14,"skipped":0,"pct":93.33},"functions":{"total":7,"covered":6,"skipped":0,"pct":85.71},"statements":{"total":15,"covered":14,"skipped":0,"pct":93.33},"branches":{"total":12,"covered":11,"skipped":0,"pct":91.66}}
,"/Users/pauldiloreto/Projects/allstarr/src/components/bookshelf/books/book-detail-content.tsx": {"lines":{"total":10,"covered":9,"skipped":0,"pct":90},"functions":{"total":4,"covered":4,"skipped":0,"pct":100},"statements":{"total":10,"covered":9,"skipped":0,"pct":90},"branches":{"total":41,"covered":38,"skipped":0,"pct":92.68}}
,"/Users/pauldiloreto/Projects/allstarr/src/components/bookshelf/books/book-edit-dialog.tsx": {"lines":{"total":11,"covered":10,"skipped":0,"pct":90.9},"functions":{"total":5,"covered":4,"skipped":0,"pct":80},"statements":{"total":11,"covered":10,"skipped":0,"pct":90.9},"branches":{"total":4,"covered":3,"skipped":0,"pct":75}}
,"/Users/pauldiloreto/Projects/allstarr/src/components/bookshelf/books/book-files-tab.tsx": {"lines":{"total":14,"covered":12,"skipped":0,"pct":85.71},"functions":{"total":5,"covered":5,"skipped":0,"pct":100},"statements":{"total":15,"covered":13,"skipped":0,"pct":86.66},"branches":{"total":31,"covered":26,"skipped":0,"pct":83.87}}
,"/Users/pauldiloreto/Projects/allstarr/src/components/bookshelf/books/book-history-tab.tsx": {"lines":{"total":28,"covered":26,"skipped":0,"pct":92.85},"functions":{"total":5,"covered":5,"skipped":0,"pct":100},"statements":{"total":28,"covered":26,"skipped":0,"pct":92.85},"branches":{"total":22,"covered":14,"skipped":0,"pct":63.63}}
,"/Users/pauldiloreto/Projects/allstarr/src/components/bookshelf/books/book-table.tsx": {"lines":{"total":20,"covered":20,"skipped":0,"pct":100},"functions":{"total":10,"covered":10,"skipped":0,"pct":100},"statements":{"total":22,"covered":22,"skipped":0,"pct":100},"branches":{"total":20,"covered":16,"skipped":0,"pct":80}}
,"/Users/pauldiloreto/Projects/allstarr/src/components/bookshelf/books/edition-selection-modal.tsx": {"lines":{"total":37,"covered":37,"skipped":0,"pct":100},"functions":{"total":17,"covered":17,"skipped":0,"pct":100},"statements":{"total":42,"covered":42,"skipped":0,"pct":100},"branches":{"total":29,"covered":25,"skipped":0,"pct":86.2}}
,"/Users/pauldiloreto/Projects/allstarr/src/components/bookshelf/books/editions-tab.tsx": {"lines":{"total":32,"covered":27,"skipped":0,"pct":84.37},"functions":{"total":15,"covered":13,"skipped":0,"pct":86.66},"statements":{"total":32,"covered":27,"skipped":0,"pct":84.37},"branches":{"total":22,"covered":13,"skipped":0,"pct":59.09}}
,"/Users/pauldiloreto/Projects/allstarr/src/components/bookshelf/books/profile-edition-card.tsx": {"lines":{"total":12,"covered":11,"skipped":0,"pct":91.66},"functions":{"total":3,"covered":3,"skipped":0,"pct":100},"statements":{"total":12,"covered":11,"skipped":0,"pct":91.66},"branches":{"total":37,"covered":35,"skipped":0,"pct":94.59}}
,"/Users/pauldiloreto/Projects/allstarr/src/components/bookshelf/books/reassign-files-dialog.tsx": {"lines":{"total":29,"covered":26,"skipped":0,"pct":89.65},"functions":{"total":11,"covered":9,"skipped":0,"pct":81.81},"statements":{"total":30,"covered":27,"skipped":0,"pct":90},"branches":{"total":27,"covered":24,"skipped":0,"pct":88.88}}
,"/Users/pauldiloreto/Projects/allstarr/src/components/bookshelf/books/release-table.tsx": {"lines":{"total":54,"covered":46,"skipped":0,"pct":85.18},"functions":{"total":21,"covered":14,"skipped":0,"pct":66.66},"statements":{"total":54,"covered":46,"skipped":0,"pct":85.18},"branches":{"total":56,"covered":36,"skipped":0,"pct":64.28}}
,"/Users/pauldiloreto/Projects/allstarr/src/components/bookshelf/books/search-releases-tab.tsx": {"lines":{"total":23,"covered":23,"skipped":0,"pct":100},"functions":{"total":7,"covered":7,"skipped":0,"pct":100},"statements":{"total":23,"covered":23,"skipped":0,"pct":100},"branches":{"total":21,"covered":17,"skipped":0,"pct":80.95}}
,"/Users/pauldiloreto/Projects/allstarr/src/components/bookshelf/books/search-toolbar.tsx": {"lines":{"total":7,"covered":7,"skipped":0,"pct":100},"functions":{"total":3,"covered":3,"skipped":0,"pct":100},"statements":{"total":7,"covered":7,"skipped":0,"pct":100},"branches":{"total":9,"covered":8,"skipped":0,"pct":88.88}}
,"/Users/pauldiloreto/Projects/allstarr/src/components/bookshelf/books/unmonitor-dialog.tsx": {"lines":{"total":0,"covered":0,"skipped":0,"pct":100},"functions":{"total":0,"covered":0,"skipped":0,"pct":100},"statements":{"total":0,"covered":0,"skipped":0,"pct":100},"branches":{"total":0,"covered":0,"skipped":0,"pct":100}}
,"/Users/pauldiloreto/Projects/allstarr/src/components/bookshelf/hardcover/author-preview-modal.tsx": {"lines":{"total":50,"covered":47,"skipped":0,"pct":94},"functions":{"total":20,"covered":17,"skipped":0,"pct":85},"statements":{"total":51,"covered":47,"skipped":0,"pct":92.15},"branches":{"total":75,"covered":61,"skipped":0,"pct":81.33}}
,"/Users/pauldiloreto/Projects/allstarr/src/components/bookshelf/hardcover/book-preview-modal.tsx": {"lines":{"total":61,"covered":58,"skipped":0,"pct":95.08},"functions":{"total":29,"covered":25,"skipped":0,"pct":86.2},"statements":{"total":62,"covered":58,"skipped":0,"pct":93.54},"branches":{"total":90,"covered":74,"skipped":0,"pct":82.22}}
,"/Users/pauldiloreto/Projects/allstarr/src/components/dashboard/activity-feed.tsx": {"lines":{"total":7,"covered":7,"skipped":0,"pct":100},"functions":{"total":2,"covered":2,"skipped":0,"pct":100},"statements":{"total":7,"covered":7,"skipped":0,"pct":100},"branches":{"total":8,"covered":8,"skipped":0,"pct":100}}
,"/Users/pauldiloreto/Projects/allstarr/src/components/dashboard/content-type-card.tsx": {"lines":{"total":15,"covered":15,"skipped":0,"pct":100},"functions":{"total":6,"covered":6,"skipped":0,"pct":100},"statements":{"total":15,"covered":15,"skipped":0,"pct":100},"branches":{"total":18,"covered":18,"skipped":0,"pct":100}}
,"/Users/pauldiloreto/Projects/allstarr/src/components/dashboard/summary-row.tsx": {"lines":{"total":8,"covered":8,"skipped":0,"pct":100},"functions":{"total":1,"covered":1,"skipped":0,"pct":100},"statements":{"total":8,"covered":8,"skipped":0,"pct":100},"branches":{"total":10,"covered":10,"skipped":0,"pct":100}}
,"/Users/pauldiloreto/Projects/allstarr/src/components/icons/allstarr-icon.tsx": {"lines":{"total":1,"covered":1,"skipped":0,"pct":100},"functions":{"total":1,"covered":1,"skipped":0,"pct":100},"statements":{"total":1,"covered":1,"skipped":0,"pct":100},"branches":{"total":0,"covered":0,"skipped":0,"pct":100}}
,"/Users/pauldiloreto/Projects/allstarr/src/components/layout/app-layout.tsx": {"lines":{"total":1,"covered":1,"skipped":0,"pct":100},"functions":{"total":1,"covered":1,"skipped":0,"pct":100},"statements":{"total":1,"covered":1,"skipped":0,"pct":100},"branches":{"total":0,"covered":0,"skipped":0,"pct":100}}
,"/Users/pauldiloreto/Projects/allstarr/src/components/layout/app-sidebar.tsx": {"lines":{"total":22,"covered":22,"skipped":0,"pct":100},"functions":{"total":10,"covered":10,"skipped":0,"pct":100},"statements":{"total":23,"covered":23,"skipped":0,"pct":100},"branches":{"total":23,"covered":23,"skipped":0,"pct":100}}
,"/Users/pauldiloreto/Projects/allstarr/src/components/layout/header.tsx": {"lines":{"total":7,"covered":7,"skipped":0,"pct":100},"functions":{"total":2,"covered":2,"skipped":0,"pct":100},"statements":{"total":7,"covered":7,"skipped":0,"pct":100},"branches":{"total":0,"covered":0,"skipped":0,"pct":100}}
,"/Users/pauldiloreto/Projects/allstarr/src/components/movies/add-missing-movies-dialog.tsx": {"lines":{"total":29,"covered":26,"skipped":0,"pct":89.65},"functions":{"total":13,"covered":12,"skipped":0,"pct":92.3},"statements":{"total":32,"covered":29,"skipped":0,"pct":90.62},"branches":{"total":25,"covered":18,"skipped":0,"pct":72}}
,"/Users/pauldiloreto/Projects/allstarr/src/components/movies/collection-card.tsx": {"lines":{"total":6,"covered":6,"skipped":0,"pct":100},"functions":{"total":5,"covered":5,"skipped":0,"pct":100},"statements":{"total":6,"covered":6,"skipped":0,"pct":100},"branches":{"total":12,"covered":12,"skipped":0,"pct":100}}
,"/Users/pauldiloreto/Projects/allstarr/src/components/movies/collection-movie-poster.tsx": {"lines":{"total":14,"covered":14,"skipped":0,"pct":100},"functions":{"total":4,"covered":4,"skipped":0,"pct":100},"statements":{"total":14,"covered":14,"skipped":0,"pct":100},"branches":{"total":23,"covered":23,"skipped":0,"pct":100}}
,"/Users/pauldiloreto/Projects/allstarr/src/components/movies/edit-collection-dialog.tsx": {"lines":{"total":25,"covered":23,"skipped":0,"pct":92},"functions":{"total":12,"covered":11,"skipped":0,"pct":91.66},"statements":{"total":26,"covered":24,"skipped":0,"pct":92.3},"branches":{"total":7,"covered":4,"skipped":0,"pct":57.14}}
,"/Users/pauldiloreto/Projects/allstarr/src/components/movies/movie-bulk-bar.tsx": {"lines":{"total":24,"covered":23,"skipped":0,"pct":95.83},"functions":{"total":4,"covered":4,"skipped":0,"pct":100},"statements":{"total":24,"covered":23,"skipped":0,"pct":95.83},"branches":{"total":12,"covered":10,"skipped":0,"pct":83.33}}
,"/Users/pauldiloreto/Projects/allstarr/src/components/movies/movie-card.tsx": {"lines":{"total":6,"covered":6,"skipped":0,"pct":100},"functions":{"total":2,"covered":2,"skipped":0,"pct":100},"statements":{"total":6,"covered":6,"skipped":0,"pct":100},"branches":{"total":11,"covered":11,"skipped":0,"pct":100}}
,"/Users/pauldiloreto/Projects/allstarr/src/components/movies/movie-detail-header.tsx": {"lines":{"total":76,"covered":64,"skipped":0,"pct":84.21},"functions":{"total":29,"covered":24,"skipped":0,"pct":82.75},"statements":{"total":79,"covered":66,"skipped":0,"pct":83.54},"branches":{"total":52,"covered":40,"skipped":0,"pct":76.92}}
,"/Users/pauldiloreto/Projects/allstarr/src/components/movies/movie-files-tab.tsx": {"lines":{"total":15,"covered":13,"skipped":0,"pct":86.66},"functions":{"total":4,"covered":4,"skipped":0,"pct":100},"statements":{"total":15,"covered":13,"skipped":0,"pct":86.66},"branches":{"total":16,"covered":14,"skipped":0,"pct":87.5}}
,"/Users/pauldiloreto/Projects/allstarr/src/components/movies/movie-table.tsx": {"lines":{"total":70,"covered":68,"skipped":0,"pct":97.14},"functions":{"total":21,"covered":20,"skipped":0,"pct":95.23},"statements":{"total":71,"covered":69,"skipped":0,"pct":97.18},"branches":{"total":69,"covered":63,"skipped":0,"pct":91.3}}
,"/Users/pauldiloreto/Projects/allstarr/src/components/movies/tmdb-movie-search.tsx": {"lines":{"total":64,"covered":57,"skipped":0,"pct":89.06},"functions":{"total":26,"covered":24,"skipped":0,"pct":92.3},"statements":{"total":67,"covered":60,"skipped":0,"pct":89.55},"branches":{"total":81,"covered":59,"skipped":0,"pct":72.83}}
,"/Users/pauldiloreto/Projects/allstarr/src/components/settings/custom-formats/cf-score-section.tsx": {"lines":{"total":144,"covered":126,"skipped":0,"pct":87.5},"functions":{"total":59,"covered":55,"skipped":0,"pct":93.22},"statements":{"total":154,"covered":134,"skipped":0,"pct":87.01},"branches":{"total":107,"covered":80,"skipped":0,"pct":74.76}}
,"/Users/pauldiloreto/Projects/allstarr/src/components/settings/custom-formats/custom-format-form.tsx": {"lines":{"total":33,"covered":32,"skipped":0,"pct":96.96},"functions":{"total":14,"covered":12,"skipped":0,"pct":85.71},"statements":{"total":37,"covered":34,"skipped":0,"pct":91.89},"branches":{"total":26,"covered":20,"skipped":0,"pct":76.92}}
,"/Users/pauldiloreto/Projects/allstarr/src/components/settings/custom-formats/custom-format-list.tsx": {"lines":{"total":40,"covered":34,"skipped":0,"pct":85},"functions":{"total":18,"covered":13,"skipped":0,"pct":72.22},"statements":{"total":41,"covered":35,"skipped":0,"pct":85.36},"branches":{"total":27,"covered":15,"skipped":0,"pct":55.55}}
,"/Users/pauldiloreto/Projects/allstarr/src/components/settings/custom-formats/preset-selector.tsx": {"lines":{"total":32,"covered":30,"skipped":0,"pct":93.75},"functions":{"total":11,"covered":10,"skipped":0,"pct":90.9},"statements":{"total":33,"covered":31,"skipped":0,"pct":93.93},"branches":{"total":26,"covered":21,"skipped":0,"pct":80.76}}
,"/Users/pauldiloreto/Projects/allstarr/src/components/settings/custom-formats/specification-builder.tsx": {"lines":{"total":69,"covered":53,"skipped":0,"pct":76.81},"functions":{"total":29,"covered":18,"skipped":0,"pct":62.06},"statements":{"total":75,"covered":58,"skipped":0,"pct":77.33},"branches":{"total":46,"covered":32,"skipped":0,"pct":69.56}}
,"/Users/pauldiloreto/Projects/allstarr/src/components/settings/download-clients/download-client-form.tsx": {"lines":{"total":46,"covered":33,"skipped":0,"pct":71.73},"functions":{"total":18,"covered":6,"skipped":0,"pct":33.33},"statements":{"total":46,"covered":33,"skipped":0,"pct":71.73},"branches":{"total":102,"covered":83,"skipped":0,"pct":81.37}}
,"/Users/pauldiloreto/Projects/allstarr/src/components/settings/download-clients/download-client-list.tsx": {"lines":{"total":13,"covered":12,"skipped":0,"pct":92.3},"functions":{"total":7,"covered":6,"skipped":0,"pct":85.71},"statements":{"total":13,"covered":12,"skipped":0,"pct":92.3},"branches":{"total":14,"covered":11,"skipped":0,"pct":78.57}}
,"/Users/pauldiloreto/Projects/allstarr/src/components/settings/download-clients/implementation-select.tsx": {"lines":{"total":7,"covered":7,"skipped":0,"pct":100},"functions":{"total":5,"covered":5,"skipped":0,"pct":100},"statements":{"total":7,"covered":7,"skipped":0,"pct":100},"branches":{"total":0,"covered":0,"skipped":0,"pct":100}}
,"/Users/pauldiloreto/Projects/allstarr/src/components/settings/download-formats/download-format-form.tsx": {"lines":{"total":58,"covered":47,"skipped":0,"pct":81.03},"functions":{"total":24,"covered":13,"skipped":0,"pct":54.16},"statements":{"total":61,"covered":47,"skipped":0,"pct":77.04},"branches":{"total":44,"covered":36,"skipped":0,"pct":81.81}}
,"/Users/pauldiloreto/Projects/allstarr/src/components/settings/download-formats/download-format-list.tsx": {"lines":{"total":72,"covered":46,"skipped":0,"pct":63.88},"functions":{"total":21,"covered":12,"skipped":0,"pct":57.14},"statements":{"total":72,"covered":46,"skipped":0,"pct":63.88},"branches":{"total":100,"covered":38,"skipped":0,"pct":38}}
,"/Users/pauldiloreto/Projects/allstarr/src/components/settings/download-profiles/download-profile-form.tsx": {"lines":{"total":177,"covered":109,"skipped":0,"pct":61.58},"functions":{"total":65,"covered":36,"skipped":0,"pct":55.38},"statements":{"total":191,"covered":119,"skipped":0,"pct":62.3},"branches":{"total":115,"covered":61,"skipped":0,"pct":53.04}}
,"/Users/pauldiloreto/Projects/allstarr/src/components/settings/download-profiles/download-profile-list.tsx": {"lines":{"total":52,"covered":41,"skipped":0,"pct":78.84},"functions":{"total":14,"covered":13,"skipped":0,"pct":92.85},"statements":{"total":53,"covered":42,"skipped":0,"pct":79.24},"branches":{"total":45,"covered":25,"skipped":0,"pct":55.55}}
,"/Users/pauldiloreto/Projects/allstarr/src/components/settings/download-profiles/tier-group-list.tsx": {"lines":{"total":50,"covered":45,"skipped":0,"pct":90},"functions":{"total":19,"covered":19,"skipped":0,"pct":100},"statements":{"total":54,"covered":49,"skipped":0,"pct":90.74},"branches":{"total":48,"covered":38,"skipped":0,"pct":79.16}}
,"/Users/pauldiloreto/Projects/allstarr/src/components/settings/indexers/indexer-form.tsx": {"lines":{"total":43,"covered":40,"skipped":0,"pct":93.02},"functions":{"total":18,"covered":15,"skipped":0,"pct":83.33},"statements":{"total":43,"covered":40,"skipped":0,"pct":93.02},"branches":{"total":67,"covered":58,"skipped":0,"pct":86.56}}
,"/Users/pauldiloreto/Projects/allstarr/src/components/settings/indexers/indexer-implementation-select.tsx": {"lines":{"total":7,"covered":7,"skipped":0,"pct":100},"functions":{"total":5,"covered":5,"skipped":0,"pct":100},"statements":{"total":7,"covered":7,"skipped":0,"pct":100},"branches":{"total":0,"covered":0,"skipped":0,"pct":100}}
,"/Users/pauldiloreto/Projects/allstarr/src/components/settings/indexers/indexer-list.tsx": {"lines":{"total":36,"covered":33,"skipped":0,"pct":91.66},"functions":{"total":16,"covered":15,"skipped":0,"pct":93.75},"statements":{"total":37,"covered":34,"skipped":0,"pct":91.89},"branches":{"total":51,"covered":43,"skipped":0,"pct":84.31}}
,"/Users/pauldiloreto/Projects/allstarr/src/components/settings/indexers/synced-indexer-view-dialog.tsx": {"lines":{"total":27,"covered":25,"skipped":0,"pct":92.59},"functions":{"total":13,"covered":12,"skipped":0,"pct":92.3},"statements":{"total":27,"covered":25,"skipped":0,"pct":92.59},"branches":{"total":31,"covered":21,"skipped":0,"pct":67.74}}
,"/Users/pauldiloreto/Projects/allstarr/src/components/shared/action-button-group.tsx": {"lines":{"total":1,"covered":1,"skipped":0,"pct":100},"functions":{"total":1,"covered":1,"skipped":0,"pct":100},"statements":{"total":1,"covered":1,"skipped":0,"pct":100},"branches":{"total":6,"covered":6,"skipped":0,"pct":100}}
,"/Users/pauldiloreto/Projects/allstarr/src/components/shared/category-multi-select.tsx": {"lines":{"total":2,"covered":2,"skipped":0,"pct":100},"functions":{"total":2,"covered":2,"skipped":0,"pct":100},"statements":{"total":3,"covered":3,"skipped":0,"pct":100},"branches":{"total":1,"covered":1,"skipped":0,"pct":100}}
,"/Users/pauldiloreto/Projects/allstarr/src/components/shared/column-settings-popover.tsx": {"lines":{"total":26,"covered":26,"skipped":0,"pct":100},"functions":{"total":9,"covered":9,"skipped":0,"pct":100},"statements":{"total":26,"covered":26,"skipped":0,"pct":100},"branches":{"total":10,"covered":9,"skipped":0,"pct":90}}
,"/Users/pauldiloreto/Projects/allstarr/src/components/shared/confirm-dialog.tsx": {"lines":{"total":2,"covered":2,"skipped":0,"pct":100},"functions":{"total":2,"covered":2,"skipped":0,"pct":100},"statements":{"total":2,"covered":2,"skipped":0,"pct":100},"branches":{"total":3,"covered":3,"skipped":0,"pct":100}}
,"/Users/pauldiloreto/Projects/allstarr/src/components/shared/directory-browser-dialog.tsx": {"lines":{"total":23,"covered":23,"skipped":0,"pct":100},"functions":{"total":11,"covered":11,"skipped":0,"pct":100},"statements":{"total":24,"covered":24,"skipped":0,"pct":100},"branches":{"total":23,"covered":23,"skipped":0,"pct":100}}
,"/Users/pauldiloreto/Projects/allstarr/src/components/shared/edit-series-profiles-dialog.tsx": {"lines":{"total":10,"covered":10,"skipped":0,"pct":100},"functions":{"total":7,"covered":7,"skipped":0,"pct":100},"statements":{"total":11,"covered":11,"skipped":0,"pct":100},"branches":{"total":4,"covered":4,"skipped":0,"pct":100}}
,"/Users/pauldiloreto/Projects/allstarr/src/components/shared/empty-state.tsx": {"lines":{"total":1,"covered":1,"skipped":0,"pct":100},"functions":{"total":1,"covered":1,"skipped":0,"pct":100},"statements":{"total":1,"covered":1,"skipped":0,"pct":100},"branches":{"total":0,"covered":0,"skipped":0,"pct":100}}
,"/Users/pauldiloreto/Projects/allstarr/src/components/shared/language-single-select.tsx": {"lines":{"total":6,"covered":6,"skipped":0,"pct":100},"functions":{"total":4,"covered":4,"skipped":0,"pct":100},"statements":{"total":7,"covered":7,"skipped":0,"pct":100},"branches":{"total":4,"covered":4,"skipped":0,"pct":100}}
,"/Users/pauldiloreto/Projects/allstarr/src/components/shared/loading-skeleton.tsx": {"lines":{"total":20,"covered":20,"skipped":0,"pct":100},"functions":{"total":19,"covered":19,"skipped":0,"pct":100},"statements":{"total":21,"covered":21,"skipped":0,"pct":100},"branches":{"total":8,"covered":8,"skipped":0,"pct":100}}
,"/Users/pauldiloreto/Projects/allstarr/src/components/shared/metadata-warning.tsx": {"lines":{"total":25,"covered":25,"skipped":0,"pct":100},"functions":{"total":7,"covered":7,"skipped":0,"pct":100},"statements":{"total":25,"covered":25,"skipped":0,"pct":100},"branches":{"total":19,"covered":19,"skipped":0,"pct":100}}
,"/Users/pauldiloreto/Projects/allstarr/src/components/shared/multi-select.tsx": {"lines":{"total":64,"covered":64,"skipped":0,"pct":100},"functions":{"total":20,"covered":20,"skipped":0,"pct":100},"statements":{"total":68,"covered":68,"skipped":0,"pct":100},"branches":{"total":60,"covered":57,"skipped":0,"pct":95}}
,"/Users/pauldiloreto/Projects/allstarr/src/components/shared/optimized-image.tsx": {"lines":{"total":7,"covered":7,"skipped":0,"pct":100},"functions":{"total":3,"covered":3,"skipped":0,"pct":100},"statements":{"total":7,"covered":7,"skipped":0,"pct":100},"branches":{"total":9,"covered":9,"skipped":0,"pct":100}}
,"/Users/pauldiloreto/Projects/allstarr/src/components/shared/page-header.tsx": {"lines":{"total":1,"covered":1,"skipped":0,"pct":100},"functions":{"total":1,"covered":1,"skipped":0,"pct":100},"statements":{"total":1,"covered":1,"skipped":0,"pct":100},"branches":{"total":4,"covered":4,"skipped":0,"pct":100}}
,"/Users/pauldiloreto/Projects/allstarr/src/components/shared/profile-checkbox-group.tsx": {"lines":{"total":4,"covered":4,"skipped":0,"pct":100},"functions":{"total":3,"covered":3,"skipped":0,"pct":100},"statements":{"total":4,"covered":4,"skipped":0,"pct":100},"branches":{"total":5,"covered":5,"skipped":0,"pct":100}}
,"/Users/pauldiloreto/Projects/allstarr/src/components/shared/profile-toggle-icons.tsx": {"lines":{"total":21,"covered":21,"skipped":0,"pct":100},"functions":{"total":3,"covered":3,"skipped":0,"pct":100},"statements":{"total":21,"covered":21,"skipped":0,"pct":100},"branches":{"total":17,"covered":17,"skipped":0,"pct":100}}
,"/Users/pauldiloreto/Projects/allstarr/src/components/shared/sortable-table-head.tsx": {"lines":{"total":6,"covered":6,"skipped":0,"pct":100},"functions":{"total":2,"covered":2,"skipped":0,"pct":100},"statements":{"total":6,"covered":6,"skipped":0,"pct":100},"branches":{"total":6,"covered":6,"skipped":0,"pct":100}}
,"/Users/pauldiloreto/Projects/allstarr/src/components/shared/table-pagination.tsx": {"lines":{"total":26,"covered":26,"skipped":0,"pct":100},"functions":{"total":11,"covered":11,"skipped":0,"pct":100},"statements":{"total":28,"covered":28,"skipped":0,"pct":100},"branches":{"total":16,"covered":16,"skipped":0,"pct":100}}
,"/Users/pauldiloreto/Projects/allstarr/src/components/shared/unmonitor-dialog.tsx": {"lines":{"total":9,"covered":9,"skipped":0,"pct":100},"functions":{"total":5,"covered":5,"skipped":0,"pct":100},"statements":{"total":9,"covered":9,"skipped":0,"pct":100},"branches":{"total":6,"covered":6,"skipped":0,"pct":100}}
,"/Users/pauldiloreto/Projects/allstarr/src/components/tv/episode-group-accordion.tsx": {"lines":{"total":87,"covered":78,"skipped":0,"pct":89.65},"functions":{"total":36,"covered":31,"skipped":0,"pct":86.11},"statements":{"total":90,"covered":81,"skipped":0,"pct":90},"branches":{"total":67,"covered":57,"skipped":0,"pct":85.07}}
,"/Users/pauldiloreto/Projects/allstarr/src/components/tv/episode-row.tsx": {"lines":{"total":32,"covered":31,"skipped":0,"pct":96.87},"functions":{"total":9,"covered":9,"skipped":0,"pct":100},"statements":{"total":32,"covered":31,"skipped":0,"pct":96.87},"branches":{"total":30,"covered":29,"skipped":0,"pct":96.66}}
,"/Users/pauldiloreto/Projects/allstarr/src/components/tv/season-accordion.tsx": {"lines":{"total":42,"covered":37,"skipped":0,"pct":88.09},"functions":{"total":18,"covered":17,"skipped":0,"pct":94.44},"statements":{"total":45,"covered":40,"skipped":0,"pct":88.88},"branches":{"total":24,"covered":17,"skipped":0,"pct":70.83}}
,"/Users/pauldiloreto/Projects/allstarr/src/components/tv/show-bulk-bar.tsx": {"lines":{"total":24,"covered":23,"skipped":0,"pct":95.83},"functions":{"total":4,"covered":4,"skipped":0,"pct":100},"statements":{"total":24,"covered":23,"skipped":0,"pct":95.83},"branches":{"total":12,"covered":10,"skipped":0,"pct":83.33}}
,"/Users/pauldiloreto/Projects/allstarr/src/components/tv/show-card.tsx": {"lines":{"total":3,"covered":3,"skipped":0,"pct":100},"functions":{"total":2,"covered":2,"skipped":0,"pct":100},"statements":{"total":3,"covered":3,"skipped":0,"pct":100},"branches":{"total":6,"covered":6,"skipped":0,"pct":100}}
,"/Users/pauldiloreto/Projects/allstarr/src/components/tv/show-detail-header.tsx": {"lines":{"total":84,"covered":77,"skipped":0,"pct":91.66},"functions":{"total":37,"covered":32,"skipped":0,"pct":86.48},"statements":{"total":91,"covered":82,"skipped":0,"pct":90.1},"branches":{"total":53,"covered":37,"skipped":0,"pct":69.81}}
,"/Users/pauldiloreto/Projects/allstarr/src/components/tv/show-table.tsx": {"lines":{"total":76,"covered":74,"skipped":0,"pct":97.36},"functions":{"total":23,"covered":22,"skipped":0,"pct":95.65},"statements":{"total":77,"covered":75,"skipped":0,"pct":97.4},"branches":{"total":71,"covered":65,"skipped":0,"pct":91.54}}
,"/Users/pauldiloreto/Projects/allstarr/src/components/tv/tmdb-show-search.tsx": {"lines":{"total":72,"covered":63,"skipped":0,"pct":87.5},"functions":{"total":31,"covered":25,"skipped":0,"pct":80.64},"statements":{"total":75,"covered":65,"skipped":0,"pct":86.66},"branches":{"total":79,"covered":57,"skipped":0,"pct":72.15}}
,"/Users/pauldiloreto/Projects/allstarr/src/components/ui/accordion.tsx": {"lines":{"total":4,"covered":4,"skipped":0,"pct":100},"functions":{"total":4,"covered":4,"skipped":0,"pct":100},"statements":{"total":4,"covered":4,"skipped":0,"pct":100},"branches":{"total":0,"covered":0,"skipped":0,"pct":100}}
,"/Users/pauldiloreto/Projects/allstarr/src/components/ui/avatar.tsx": {"lines":{"total":2,"covered":2,"skipped":0,"pct":100},"functions":{"total":2,"covered":2,"skipped":0,"pct":100},"statements":{"total":2,"covered":2,"skipped":0,"pct":100},"branches":{"total":1,"covered":1,"skipped":0,"pct":100}}
,"/Users/pauldiloreto/Projects/allstarr/src/components/ui/badge.tsx": {"lines":{"total":3,"covered":3,"skipped":0,"pct":100},"functions":{"total":1,"covered":1,"skipped":0,"pct":100},"statements":{"total":3,"covered":3,"skipped":0,"pct":100},"branches":{"total":4,"covered":4,"skipped":0,"pct":100}}
,"/Users/pauldiloreto/Projects/allstarr/src/components/ui/button.tsx": {"lines":{"total":3,"covered":3,"skipped":0,"pct":100},"functions":{"total":1,"covered":1,"skipped":0,"pct":100},"statements":{"total":3,"covered":3,"skipped":0,"pct":100},"branches":{"total":5,"covered":5,"skipped":0,"pct":100}}
,"/Users/pauldiloreto/Projects/allstarr/src/components/ui/card.tsx": {"lines":{"total":6,"covered":6,"skipped":0,"pct":100},"functions":{"total":6,"covered":6,"skipped":0,"pct":100},"statements":{"total":6,"covered":6,"skipped":0,"pct":100},"branches":{"total":0,"covered":0,"skipped":0,"pct":100}}
,"/Users/pauldiloreto/Projects/allstarr/src/components/ui/checkbox.tsx": {"lines":{"total":1,"covered":1,"skipped":0,"pct":100},"functions":{"total":1,"covered":1,"skipped":0,"pct":100},"statements":{"total":1,"covered":1,"skipped":0,"pct":100},"branches":{"total":0,"covered":0,"skipped":0,"pct":100}}
,"/Users/pauldiloreto/Projects/allstarr/src/components/ui/command.tsx": {"lines":{"total":6,"covered":6,"skipped":0,"pct":100},"functions":{"total":6,"covered":6,"skipped":0,"pct":100},"statements":{"total":6,"covered":6,"skipped":0,"pct":100},"branches":{"total":0,"covered":0,"skipped":0,"pct":100}}
,"/Users/pauldiloreto/Projects/allstarr/src/components/ui/context-menu.tsx": {"lines":{"total":4,"covered":4,"skipped":0,"pct":100},"functions":{"total":4,"covered":4,"skipped":0,"pct":100},"statements":{"total":4,"covered":4,"skipped":0,"pct":100},"branches":{"total":1,"covered":1,"skipped":0,"pct":100}}
,"/Users/pauldiloreto/Projects/allstarr/src/components/ui/dialog.tsx": {"lines":{"total":10,"covered":10,"skipped":0,"pct":100},"functions":{"total":10,"covered":10,"skipped":0,"pct":100},"statements":{"total":10,"covered":10,"skipped":0,"pct":100},"branches":{"total":6,"covered":6,"skipped":0,"pct":100}}
,"/Users/pauldiloreto/Projects/allstarr/src/components/ui/dropdown-menu.tsx": {"lines":{"total":4,"covered":4,"skipped":0,"pct":100},"functions":{"total":4,"covered":4,"skipped":0,"pct":100},"statements":{"total":4,"covered":4,"skipped":0,"pct":100},"branches":{"total":2,"covered":2,"skipped":0,"pct":100}}
,"/Users/pauldiloreto/Projects/allstarr/src/components/ui/input.tsx": {"lines":{"total":1,"covered":1,"skipped":0,"pct":100},"functions":{"total":1,"covered":1,"skipped":0,"pct":100},"statements":{"total":1,"covered":1,"skipped":0,"pct":100},"branches":{"total":0,"covered":0,"skipped":0,"pct":100}}
,"/Users/pauldiloreto/Projects/allstarr/src/components/ui/label.tsx": {"lines":{"total":1,"covered":1,"skipped":0,"pct":100},"functions":{"total":1,"covered":1,"skipped":0,"pct":100},"statements":{"total":1,"covered":1,"skipped":0,"pct":100},"branches":{"total":0,"covered":0,"skipped":0,"pct":100}}
,"/Users/pauldiloreto/Projects/allstarr/src/components/ui/popover.tsx": {"lines":{"total":5,"covered":5,"skipped":0,"pct":100},"functions":{"total":5,"covered":5,"skipped":0,"pct":100},"statements":{"total":5,"covered":5,"skipped":0,"pct":100},"branches":{"total":2,"covered":2,"skipped":0,"pct":100}}
,"/Users/pauldiloreto/Projects/allstarr/src/components/ui/scroll-area.tsx": {"lines":{"total":2,"covered":2,"skipped":0,"pct":100},"functions":{"total":2,"covered":2,"skipped":0,"pct":100},"statements":{"total":2,"covered":2,"skipped":0,"pct":100},"branches":{"total":5,"covered":4,"skipped":0,"pct":80}}
,"/Users/pauldiloreto/Projects/allstarr/src/components/ui/select.tsx": {"lines":{"total":10,"covered":10,"skipped":0,"pct":100},"functions":{"total":10,"covered":10,"skipped":0,"pct":100},"statements":{"total":10,"covered":10,"skipped":0,"pct":100},"branches":{"total":7,"covered":7,"skipped":0,"pct":100}}
,"/Users/pauldiloreto/Projects/allstarr/src/components/ui/separator.tsx": {"lines":{"total":1,"covered":1,"skipped":0,"pct":100},"functions":{"total":1,"covered":1,"skipped":0,"pct":100},"statements":{"total":1,"covered":1,"skipped":0,"pct":100},"branches":{"total":2,"covered":2,"skipped":0,"pct":100}}
,"/Users/pauldiloreto/Projects/allstarr/src/components/ui/sheet.tsx": {"lines":{"total":7,"covered":7,"skipped":0,"pct":100},"functions":{"total":7,"covered":7,"skipped":0,"pct":100},"statements":{"total":7,"covered":7,"skipped":0,"pct":100},"branches":{"total":12,"covered":12,"skipped":0,"pct":100}}
,"/Users/pauldiloreto/Projects/allstarr/src/components/ui/sidebar.tsx": {"lines":{"total":60,"covered":60,"skipped":0,"pct":100},"functions":{"total":21,"covered":21,"skipped":0,"pct":100},"statements":{"total":63,"covered":63,"skipped":0,"pct":100},"branches":{"total":60,"covered":60,"skipped":0,"pct":100}}
,"/Users/pauldiloreto/Projects/allstarr/src/components/ui/skeleton.tsx": {"lines":{"total":1,"covered":1,"skipped":0,"pct":100},"functions":{"total":1,"covered":1,"skipped":0,"pct":100},"statements":{"total":1,"covered":1,"skipped":0,"pct":100},"branches":{"total":0,"covered":0,"skipped":0,"pct":100}}
,"/Users/pauldiloreto/Projects/allstarr/src/components/ui/slider.tsx": {"lines":{"total":10,"covered":10,"skipped":0,"pct":100},"functions":{"total":4,"covered":4,"skipped":0,"pct":100},"statements":{"total":10,"covered":10,"skipped":0,"pct":100},"branches":{"total":14,"covered":14,"skipped":0,"pct":100}}
,"/Users/pauldiloreto/Projects/allstarr/src/components/ui/sonner.tsx": {"lines":{"total":3,"covered":3,"skipped":0,"pct":100},"functions":{"total":1,"covered":1,"skipped":0,"pct":100},"statements":{"total":3,"covered":3,"skipped":0,"pct":100},"branches":{"total":1,"covered":1,"skipped":0,"pct":100}}
,"/Users/pauldiloreto/Projects/allstarr/src/components/ui/switch.tsx": {"lines":{"total":1,"covered":1,"skipped":0,"pct":100},"functions":{"total":1,"covered":1,"skipped":0,"pct":100},"statements":{"total":1,"covered":1,"skipped":0,"pct":100},"branches":{"total":1,"covered":1,"skipped":0,"pct":100}}
,"/Users/pauldiloreto/Projects/allstarr/src/components/ui/table.tsx": {"lines":{"total":6,"covered":6,"skipped":0,"pct":100},"functions":{"total":6,"covered":6,"skipped":0,"pct":100},"statements":{"total":6,"covered":6,"skipped":0,"pct":100},"branches":{"total":0,"covered":0,"skipped":0,"pct":100}}
,"/Users/pauldiloreto/Projects/allstarr/src/components/ui/tabs.tsx": {"lines":{"total":5,"covered":5,"skipped":0,"pct":100},"functions":{"total":4,"covered":4,"skipped":0,"pct":100},"statements":{"total":5,"covered":5,"skipped":0,"pct":100},"branches":{"total":2,"covered":2,"skipped":0,"pct":100}}
,"/Users/pauldiloreto/Projects/allstarr/src/components/ui/textarea.tsx": {"lines":{"total":1,"covered":1,"skipped":0,"pct":100},"functions":{"total":1,"covered":1,"skipped":0,"pct":100},"statements":{"total":1,"covered":1,"skipped":0,"pct":100},"branches":{"total":0,"covered":0,"skipped":0,"pct":100}}
,"/Users/pauldiloreto/Projects/allstarr/src/components/ui/tooltip.tsx": {"lines":{"total":4,"covered":4,"skipped":0,"pct":100},"functions":{"total":4,"covered":4,"skipped":0,"pct":100},"statements":{"total":4,"covered":4,"skipped":0,"pct":100},"branches":{"total":2,"covered":2,"skipped":0,"pct":100}}
,"/Users/pauldiloreto/Projects/allstarr/src/components/unmapped-files/mapping-dialog.tsx": {"lines":{"total":39,"covered":34,"skipped":0,"pct":87.17},"functions":{"total":12,"covered":10,"skipped":0,"pct":83.33},"statements":{"total":45,"covered":39,"skipped":0,"pct":86.66},"branches":{"total":33,"covered":25,"skipped":0,"pct":75.75}}
,"/Users/pauldiloreto/Projects/allstarr/src/components/unmapped-files/unmapped-files-table.tsx": {"lines":{"total":120,"covered":108,"skipped":0,"pct":90},"functions":{"total":40,"covered":37,"skipped":0,"pct":92.5},"statements":{"total":131,"covered":116,"skipped":0,"pct":88.54},"branches":{"total":87,"covered":69,"skipped":0,"pct":79.31}}
,"/Users/pauldiloreto/Projects/allstarr/src/hooks/sse-context.tsx": {"lines":{"total":2,"covered":2,"skipped":0,"pct":100},"functions":{"total":1,"covered":1,"skipped":0,"pct":100},"statements":{"total":2,"covered":2,"skipped":0,"pct":100},"branches":{"total":0,"covered":0,"skipped":0,"pct":100}}
,"/Users/pauldiloreto/Projects/allstarr/src/hooks/use-debounce.ts": {"lines":{"total":5,"covered":5,"skipped":0,"pct":100},"functions":{"total":4,"covered":4,"skipped":0,"pct":100},"statements":{"total":7,"covered":7,"skipped":0,"pct":100},"branches":{"total":0,"covered":0,"skipped":0,"pct":100}}
,"/Users/pauldiloreto/Projects/allstarr/src/hooks/use-mobile.ts": {"lines":{"total":10,"covered":10,"skipped":0,"pct":100},"functions":{"total":4,"covered":4,"skipped":0,"pct":100},"statements":{"total":11,"covered":11,"skipped":0,"pct":100},"branches":{"total":0,"covered":0,"skipped":0,"pct":100}}
,"/Users/pauldiloreto/Projects/allstarr/src/hooks/use-role.ts": {"lines":{"total":3,"covered":3,"skipped":0,"pct":100},"functions":{"total":2,"covered":2,"skipped":0,"pct":100},"statements":{"total":3,"covered":3,"skipped":0,"pct":100},"branches":{"total":2,"covered":2,"skipped":0,"pct":100}}
,"/Users/pauldiloreto/Projects/allstarr/src/hooks/use-server-events.ts": {"lines":{"total":76,"covered":76,"skipped":0,"pct":100},"functions":{"total":17,"covered":17,"skipped":0,"pct":100},"statements":{"total":77,"covered":77,"skipped":0,"pct":100},"branches":{"total":28,"covered":24,"skipped":0,"pct":85.71}}
,"/Users/pauldiloreto/Projects/allstarr/src/hooks/use-table-columns.ts": {"lines":{"total":28,"covered":28,"skipped":0,"pct":100},"functions":{"total":10,"covered":10,"skipped":0,"pct":100},"statements":{"total":29,"covered":29,"skipped":0,"pct":100},"branches":{"total":10,"covered":10,"skipped":0,"pct":100}}
,"/Users/pauldiloreto/Projects/allstarr/src/hooks/use-table-state.ts": {"lines":{"total":42,"covered":42,"skipped":0,"pct":100},"functions":{"total":9,"covered":9,"skipped":0,"pct":100},"statements":{"total":43,"covered":43,"skipped":0,"pct":100},"branches":{"total":18,"covered":17,"skipped":0,"pct":94.44}}
,"/Users/pauldiloreto/Projects/allstarr/src/hooks/use-view-mode.ts": {"lines":{"total":8,"covered":8,"skipped":0,"pct":100},"functions":{"total":2,"covered":2,"skipped":0,"pct":100},"statements":{"total":8,"covered":8,"skipped":0,"pct":100},"branches":{"total":4,"covered":4,"skipped":0,"pct":100}}
,"/Users/pauldiloreto/Projects/allstarr/src/hooks/mutations/authors.ts": {"lines":{"total":17,"covered":17,"skipped":0,"pct":100},"functions":{"total":8,"covered":8,"skipped":0,"pct":100},"statements":{"total":17,"covered":17,"skipped":0,"pct":100},"branches":{"total":0,"covered":0,"skipped":0,"pct":100}}
,"/Users/pauldiloreto/Projects/allstarr/src/hooks/mutations/blocklist.ts": {"lines":{"total":12,"covered":12,"skipped":0,"pct":100},"functions":{"total":8,"covered":8,"skipped":0,"pct":100},"statements":{"total":12,"covered":12,"skipped":0,"pct":100},"branches":{"total":4,"covered":2,"skipped":0,"pct":50}}
,"/Users/pauldiloreto/Projects/allstarr/src/hooks/mutations/books.ts": {"lines":{"total":63,"covered":63,"skipped":0,"pct":100},"functions":{"total":36,"covered":36,"skipped":0,"pct":100},"statements":{"total":63,"covered":63,"skipped":0,"pct":100},"branches":{"total":0,"covered":0,"skipped":0,"pct":100}}
,"/Users/pauldiloreto/Projects/allstarr/src/hooks/mutations/custom-formats.ts": {"lines":{"total":38,"covered":38,"skipped":0,"pct":100},"functions":{"total":24,"covered":24,"skipped":0,"pct":100},"statements":{"total":38,"covered":38,"skipped":0,"pct":100},"branches":{"total":0,"covered":0,"skipped":0,"pct":100}}
,"/Users/pauldiloreto/Projects/allstarr/src/hooks/mutations/download-clients.ts": {"lines":{"total":18,"covered":18,"skipped":0,"pct":100},"functions":{"total":12,"covered":12,"skipped":0,"pct":100},"statements":{"total":18,"covered":18,"skipped":0,"pct":100},"branches":{"total":0,"covered":0,"skipped":0,"pct":100}}
,"/Users/pauldiloreto/Projects/allstarr/src/hooks/mutations/download-profiles.ts": {"lines":{"total":36,"covered":36,"skipped":0,"pct":100},"functions":{"total":22,"covered":22,"skipped":0,"pct":100},"statements":{"total":36,"covered":36,"skipped":0,"pct":100},"branches":{"total":0,"covered":0,"skipped":0,"pct":100}}
,"/Users/pauldiloreto/Projects/allstarr/src/hooks/mutations/episode-profiles.ts": {"lines":{"total":20,"covered":20,"skipped":0,"pct":100},"functions":{"total":16,"covered":16,"skipped":0,"pct":100},"statements":{"total":20,"covered":20,"skipped":0,"pct":100},"branches":{"total":0,"covered":0,"skipped":0,"pct":100}}
,"/Users/pauldiloreto/Projects/allstarr/src/hooks/mutations/import.ts": {"lines":{"total":18,"covered":18,"skipped":0,"pct":100},"functions":{"total":16,"covered":16,"skipped":0,"pct":100},"statements":{"total":18,"covered":18,"skipped":0,"pct":100},"branches":{"total":8,"covered":4,"skipped":0,"pct":50}}
,"/Users/pauldiloreto/Projects/allstarr/src/hooks/mutations/indexer-search.ts": {"lines":{"total":8,"covered":8,"skipped":0,"pct":100},"functions":{"total":7,"covered":7,"skipped":0,"pct":100},"statements":{"total":8,"covered":8,"skipped":0,"pct":100},"branches":{"total":6,"covered":4,"skipped":0,"pct":66.66}}
,"/Users/pauldiloreto/Projects/allstarr/src/hooks/mutations/indexers.ts": {"lines":{"total":24,"covered":24,"skipped":0,"pct":100},"functions":{"total":16,"covered":16,"skipped":0,"pct":100},"statements":{"total":24,"covered":24,"skipped":0,"pct":100},"branches":{"total":0,"covered":0,"skipped":0,"pct":100}}
,"/Users/pauldiloreto/Projects/allstarr/src/hooks/mutations/movie-collections.ts": {"lines":{"total":27,"covered":27,"skipped":0,"pct":100},"functions":{"total":16,"covered":16,"skipped":0,"pct":100},"statements":{"total":27,"covered":27,"skipped":0,"pct":100},"branches":{"total":8,"covered":6,"skipped":0,"pct":75}}
,"/Users/pauldiloreto/Projects/allstarr/src/hooks/mutations/movies.ts": {"lines":{"total":37,"covered":37,"skipped":0,"pct":100},"functions":{"total":25,"covered":25,"skipped":0,"pct":100},"statements":{"total":37,"covered":37,"skipped":0,"pct":100},"branches":{"total":2,"covered":1,"skipped":0,"pct":50}}
,"/Users/pauldiloreto/Projects/allstarr/src/hooks/mutations/queue.ts": {"lines":{"total":8,"covered":8,"skipped":0,"pct":100},"functions":{"total":4,"covered":4,"skipped":0,"pct":100},"statements":{"total":8,"covered":8,"skipped":0,"pct":100},"branches":{"total":2,"covered":1,"skipped":0,"pct":50}}
,"/Users/pauldiloreto/Projects/allstarr/src/hooks/mutations/series.ts": {"lines":{"total":17,"covered":17,"skipped":0,"pct":100},"functions":{"total":8,"covered":8,"skipped":0,"pct":100},"statements":{"total":17,"covered":17,"skipped":0,"pct":100},"branches":{"total":6,"covered":5,"skipped":0,"pct":83.33}}
,"/Users/pauldiloreto/Projects/allstarr/src/hooks/mutations/settings.ts": {"lines":{"total":19,"covered":19,"skipped":0,"pct":100},"functions":{"total":12,"covered":12,"skipped":0,"pct":100},"statements":{"total":19,"covered":19,"skipped":0,"pct":100},"branches":{"total":0,"covered":0,"skipped":0,"pct":100}}
,"/Users/pauldiloreto/Projects/allstarr/src/hooks/mutations/shows.ts": {"lines":{"total":36,"covered":36,"skipped":0,"pct":100},"functions":{"total":25,"covered":25,"skipped":0,"pct":100},"statements":{"total":36,"covered":36,"skipped":0,"pct":100},"branches":{"total":2,"covered":1,"skipped":0,"pct":50}}
,"/Users/pauldiloreto/Projects/allstarr/src/hooks/mutations/tasks.ts": {"lines":{"total":11,"covered":11,"skipped":0,"pct":100},"functions":{"total":8,"covered":8,"skipped":0,"pct":100},"statements":{"total":11,"covered":11,"skipped":0,"pct":100},"branches":{"total":4,"covered":2,"skipped":0,"pct":50}}
,"/Users/pauldiloreto/Projects/allstarr/src/hooks/mutations/user-settings.ts": {"lines":{"total":25,"covered":25,"skipped":0,"pct":100},"functions":{"total":12,"covered":12,"skipped":0,"pct":100},"statements":{"total":25,"covered":25,"skipped":0,"pct":100},"branches":{"total":4,"covered":2,"skipped":0,"pct":50}}
,"/Users/pauldiloreto/Projects/allstarr/src/lib/admin-route.ts": {"lines":{"total":2,"covered":2,"skipped":0,"pct":100},"functions":{"total":1,"covered":1,"skipped":0,"pct":100},"statements":{"total":2,"covered":2,"skipped":0,"pct":100},"branches":{"total":2,"covered":2,"skipped":0,"pct":100}}
,"/Users/pauldiloreto/Projects/allstarr/src/lib/auth-server.ts": {"lines":{"total":31,"covered":31,"skipped":0,"pct":100},"functions":{"total":6,"covered":5,"skipped":0,"pct":83.33},"statements":{"total":32,"covered":31,"skipped":0,"pct":96.87},"branches":{"total":27,"covered":25,"skipped":0,"pct":92.59}}
,"/Users/pauldiloreto/Projects/allstarr/src/lib/categories.ts": {"lines":{"total":3,"covered":3,"skipped":0,"pct":100},"functions":{"total":1,"covered":1,"skipped":0,"pct":100},"statements":{"total":3,"covered":3,"skipped":0,"pct":100},"branches":{"total":0,"covered":0,"skipped":0,"pct":100}}
,"/Users/pauldiloreto/Projects/allstarr/src/lib/editions.ts": {"lines":{"total":31,"covered":27,"skipped":0,"pct":87.09},"functions":{"total":10,"covered":9,"skipped":0,"pct":90},"statements":{"total":33,"covered":29,"skipped":0,"pct":87.87},"branches":{"total":32,"covered":21,"skipped":0,"pct":65.62}}
,"/Users/pauldiloreto/Projects/allstarr/src/lib/form-validation.ts": {"lines":{"total":12,"covered":11,"skipped":0,"pct":91.66},"functions":{"total":1,"covered":1,"skipped":0,"pct":100},"statements":{"total":12,"covered":11,"skipped":0,"pct":91.66},"branches":{"total":6,"covered":4,"skipped":0,"pct":66.66}}
,"/Users/pauldiloreto/Projects/allstarr/src/lib/format-colors.ts": {"lines":{"total":1,"covered":1,"skipped":0,"pct":100},"functions":{"total":0,"covered":0,"skipped":0,"pct":100},"statements":{"total":1,"covered":1,"skipped":0,"pct":100},"branches":{"total":0,"covered":0,"skipped":0,"pct":100}}
,"/Users/pauldiloreto/Projects/allstarr/src/lib/format-size-calc.ts": {"lines":{"total":23,"covered":23,"skipped":0,"pct":100},"functions":{"total":3,"covered":3,"skipped":0,"pct":100},"statements":{"total":23,"covered":23,"skipped":0,"pct":100},"branches":{"total":33,"covered":30,"skipped":0,"pct":90.9}}
,"/Users/pauldiloreto/Projects/allstarr/src/lib/format.ts": {"lines":{"total":14,"covered":14,"skipped":0,"pct":100},"functions":{"total":2,"covered":2,"skipped":0,"pct":100},"statements":{"total":17,"covered":17,"skipped":0,"pct":100},"branches":{"total":8,"covered":8,"skipped":0,"pct":100}}
,"/Users/pauldiloreto/Projects/allstarr/src/lib/languages.ts": {"lines":{"total":1,"covered":1,"skipped":0,"pct":100},"functions":{"total":0,"covered":0,"skipped":0,"pct":100},"statements":{"total":1,"covered":1,"skipped":0,"pct":100},"branches":{"total":0,"covered":0,"skipped":0,"pct":100}}
,"/Users/pauldiloreto/Projects/allstarr/src/lib/nav-config.ts": {"lines":{"total":2,"covered":2,"skipped":0,"pct":100},"functions":{"total":0,"covered":0,"skipped":0,"pct":100},"statements":{"total":2,"covered":2,"skipped":0,"pct":100},"branches":{"total":0,"covered":0,"skipped":0,"pct":100}}
,"/Users/pauldiloreto/Projects/allstarr/src/lib/profile-icons.ts": {"lines":{"total":5,"covered":5,"skipped":0,"pct":100},"functions":{"total":1,"covered":1,"skipped":0,"pct":100},"statements":{"total":5,"covered":5,"skipped":0,"pct":100},"branches":{"total":4,"covered":4,"skipped":0,"pct":100}}
,"/Users/pauldiloreto/Projects/allstarr/src/lib/query-keys.ts": {"lines":{"total":59,"covered":48,"skipped":0,"pct":81.35},"functions":{"total":58,"covered":47,"skipped":0,"pct":81.03},"statements":{"total":59,"covered":48,"skipped":0,"pct":81.35},"branches":{"total":2,"covered":1,"skipped":0,"pct":50}}
,"/Users/pauldiloreto/Projects/allstarr/src/lib/runtime.ts": {"lines":{"total":2,"covered":2,"skipped":0,"pct":100},"functions":{"total":1,"covered":1,"skipped":0,"pct":100},"statements":{"total":2,"covered":2,"skipped":0,"pct":100},"branches":{"total":4,"covered":4,"skipped":0,"pct":100}}
,"/Users/pauldiloreto/Projects/allstarr/src/lib/table-column-defaults.ts": {"lines":{"total":6,"covered":6,"skipped":0,"pct":100},"functions":{"total":5,"covered":5,"skipped":0,"pct":100},"statements":{"total":7,"covered":7,"skipped":0,"pct":100},"branches":{"total":2,"covered":2,"skipped":0,"pct":100}}
,"/Users/pauldiloreto/Projects/allstarr/src/lib/utils.ts": {"lines":{"total":5,"covered":5,"skipped":0,"pct":100},"functions":{"total":3,"covered":3,"skipped":0,"pct":100},"statements":{"total":5,"covered":5,"skipped":0,"pct":100},"branches":{"total":5,"covered":5,"skipped":0,"pct":100}}
,"/Users/pauldiloreto/Projects/allstarr/src/lib/validators.ts": {"lines":{"total":59,"covered":57,"skipped":0,"pct":96.61},"functions":{"total":2,"covered":0,"skipped":0,"pct":0},"statements":{"total":59,"covered":57,"skipped":0,"pct":96.61},"branches":{"total":4,"covered":0,"skipped":0,"pct":0}}
,"/Users/pauldiloreto/Projects/allstarr/src/lib/queries/authors.ts": {"lines":{"total":11,"covered":11,"skipped":0,"pct":100},"functions":{"total":10,"covered":10,"skipped":0,"pct":100},"statements":{"total":14,"covered":14,"skipped":0,"pct":100},"branches":{"total":13,"covered":10,"skipped":0,"pct":76.92}}
,"/Users/pauldiloreto/Projects/allstarr/src/lib/queries/blocklist.ts": {"lines":{"total":2,"covered":2,"skipped":0,"pct":100},"functions":{"total":2,"covered":2,"skipped":0,"pct":100},"statements":{"total":3,"covered":3,"skipped":0,"pct":100},"branches":{"total":1,"covered":1,"skipped":0,"pct":100}}
,"/Users/pauldiloreto/Projects/allstarr/src/lib/queries/books.ts": {"lines":{"total":12,"covered":12,"skipped":0,"pct":100},"functions":{"total":10,"covered":10,"skipped":0,"pct":100},"statements":{"total":14,"covered":14,"skipped":0,"pct":100},"branches":{"total":7,"covered":6,"skipped":0,"pct":85.71}}
,"/Users/pauldiloreto/Projects/allstarr/src/lib/queries/custom-formats.ts": {"lines":{"total":4,"covered":4,"skipped":0,"pct":100},"functions":{"total":4,"covered":4,"skipped":0,"pct":100},"statements":{"total":5,"covered":5,"skipped":0,"pct":100},"branches":{"total":0,"covered":0,"skipped":0,"pct":100}}
,"/Users/pauldiloreto/Projects/allstarr/src/lib/queries/dashboard.ts": {"lines":{"total":8,"covered":8,"skipped":0,"pct":100},"functions":{"total":8,"covered":8,"skipped":0,"pct":100},"statements":{"total":8,"covered":8,"skipped":0,"pct":100},"branches":{"total":0,"covered":0,"skipped":0,"pct":100}}
,"/Users/pauldiloreto/Projects/allstarr/src/lib/queries/download-clients.ts": {"lines":{"total":2,"covered":2,"skipped":0,"pct":100},"functions":{"total":2,"covered":2,"skipped":0,"pct":100},"statements":{"total":2,"covered":2,"skipped":0,"pct":100},"branches":{"total":0,"covered":0,"skipped":0,"pct":100}}
,"/Users/pauldiloreto/Projects/allstarr/src/lib/queries/download-profiles.ts": {"lines":{"total":4,"covered":4,"skipped":0,"pct":100},"functions":{"total":4,"covered":4,"skipped":0,"pct":100},"statements":{"total":4,"covered":4,"skipped":0,"pct":100},"branches":{"total":0,"covered":0,"skipped":0,"pct":100}}
,"/Users/pauldiloreto/Projects/allstarr/src/lib/queries/filesystem.ts": {"lines":{"total":2,"covered":2,"skipped":0,"pct":100},"functions":{"total":2,"covered":2,"skipped":0,"pct":100},"statements":{"total":3,"covered":3,"skipped":0,"pct":100},"branches":{"total":1,"covered":1,"skipped":0,"pct":100}}
,"/Users/pauldiloreto/Projects/allstarr/src/lib/queries/hardcover.ts": {"lines":{"total":10,"covered":10,"skipped":0,"pct":100},"functions":{"total":8,"covered":8,"skipped":0,"pct":100},"statements":{"total":12,"covered":12,"skipped":0,"pct":100},"branches":{"total":0,"covered":0,"skipped":0,"pct":100}}
,"/Users/pauldiloreto/Projects/allstarr/src/lib/queries/history.ts": {"lines":{"total":2,"covered":2,"skipped":0,"pct":100},"functions":{"total":2,"covered":2,"skipped":0,"pct":100},"statements":{"total":3,"covered":3,"skipped":0,"pct":100},"branches":{"total":5,"covered":5,"skipped":0,"pct":100}}
,"/Users/pauldiloreto/Projects/allstarr/src/lib/queries/indexers.ts": {"lines":{"total":10,"covered":10,"skipped":0,"pct":100},"functions":{"total":10,"covered":10,"skipped":0,"pct":100},"statements":{"total":11,"covered":11,"skipped":0,"pct":100},"branches":{"total":0,"covered":0,"skipped":0,"pct":100}}
,"/Users/pauldiloreto/Projects/allstarr/src/lib/queries/movie-collections.ts": {"lines":{"total":2,"covered":2,"skipped":0,"pct":100},"functions":{"total":2,"covered":2,"skipped":0,"pct":100},"statements":{"total":2,"covered":2,"skipped":0,"pct":100},"branches":{"total":0,"covered":0,"skipped":0,"pct":100}}
,"/Users/pauldiloreto/Projects/allstarr/src/lib/queries/movies.ts": {"lines":{"total":6,"covered":6,"skipped":0,"pct":100},"functions":{"total":6,"covered":6,"skipped":0,"pct":100},"statements":{"total":8,"covered":8,"skipped":0,"pct":100},"branches":{"total":0,"covered":0,"skipped":0,"pct":100}}
,"/Users/pauldiloreto/Projects/allstarr/src/lib/queries/queue.ts": {"lines":{"total":2,"covered":2,"skipped":0,"pct":100},"functions":{"total":2,"covered":2,"skipped":0,"pct":100},"statements":{"total":2,"covered":2,"skipped":0,"pct":100},"branches":{"total":0,"covered":0,"skipped":0,"pct":100}}
,"/Users/pauldiloreto/Projects/allstarr/src/lib/queries/series.ts": {"lines":{"total":2,"covered":2,"skipped":0,"pct":100},"functions":{"total":2,"covered":2,"skipped":0,"pct":100},"statements":{"total":2,"covered":2,"skipped":0,"pct":100},"branches":{"total":0,"covered":0,"skipped":0,"pct":100}}
,"/Users/pauldiloreto/Projects/allstarr/src/lib/queries/settings.ts": {"lines":{"total":4,"covered":4,"skipped":0,"pct":100},"functions":{"total":4,"covered":4,"skipped":0,"pct":100},"statements":{"total":4,"covered":4,"skipped":0,"pct":100},"branches":{"total":0,"covered":0,"skipped":0,"pct":100}}
,"/Users/pauldiloreto/Projects/allstarr/src/lib/queries/shows.ts": {"lines":{"total":6,"covered":6,"skipped":0,"pct":100},"functions":{"total":6,"covered":6,"skipped":0,"pct":100},"statements":{"total":8,"covered":8,"skipped":0,"pct":100},"branches":{"total":0,"covered":0,"skipped":0,"pct":100}}
,"/Users/pauldiloreto/Projects/allstarr/src/lib/queries/system-status.ts": {"lines":{"total":2,"covered":2,"skipped":0,"pct":100},"functions":{"total":2,"covered":2,"skipped":0,"pct":100},"statements":{"total":2,"covered":2,"skipped":0,"pct":100},"branches":{"total":0,"covered":0,"skipped":0,"pct":100}}
,"/Users/pauldiloreto/Projects/allstarr/src/lib/queries/tasks.ts": {"lines":{"total":2,"covered":2,"skipped":0,"pct":100},"functions":{"total":2,"covered":2,"skipped":0,"pct":100},"statements":{"total":2,"covered":2,"skipped":0,"pct":100},"branches":{"total":0,"covered":0,"skipped":0,"pct":100}}
,"/Users/pauldiloreto/Projects/allstarr/src/lib/queries/tmdb.ts": {"lines":{"total":4,"covered":4,"skipped":0,"pct":100},"functions":{"total":4,"covered":4,"skipped":0,"pct":100},"statements":{"total":6,"covered":6,"skipped":0,"pct":100},"branches":{"total":0,"covered":0,"skipped":0,"pct":100}}
,"/Users/pauldiloreto/Projects/allstarr/src/lib/queries/unmapped-files.ts": {"lines":{"total":5,"covered":5,"skipped":0,"pct":100},"functions":{"total":4,"covered":4,"skipped":0,"pct":100},"statements":{"total":5,"covered":5,"skipped":0,"pct":100},"branches":{"total":1,"covered":1,"skipped":0,"pct":100}}
,"/Users/pauldiloreto/Projects/allstarr/src/lib/queries/user-settings.ts": {"lines":{"total":2,"covered":2,"skipped":0,"pct":100},"functions":{"total":2,"covered":2,"skipped":0,"pct":100},"statements":{"total":3,"covered":3,"skipped":0,"pct":100},"branches":{"total":0,"covered":0,"skipped":0,"pct":100}}
,"/Users/pauldiloreto/Projects/allstarr/src/routes/__root.tsx": {"lines":{"total":4,"covered":4,"skipped":0,"pct":100},"functions":{"total":3,"covered":3,"skipped":0,"pct":100},"statements":{"total":4,"covered":4,"skipped":0,"pct":100},"branches":{"total":0,"covered":0,"skipped":0,"pct":100}}
,"/Users/pauldiloreto/Projects/allstarr/src/routes/_authed.tsx": {"lines":{"total":15,"covered":15,"skipped":0,"pct":100},"functions":{"total":3,"covered":3,"skipped":0,"pct":100},"statements":{"total":16,"covered":16,"skipped":0,"pct":100},"branches":{"total":8,"covered":8,"skipped":0,"pct":100}}
,"/Users/pauldiloreto/Projects/allstarr/src/routes/login.tsx": {"lines":{"total":29,"covered":29,"skipped":0,"pct":100},"functions":{"total":9,"covered":9,"skipped":0,"pct":100},"statements":{"total":29,"covered":29,"skipped":0,"pct":100},"branches":{"total":12,"covered":10,"skipped":0,"pct":83.33}}
,"/Users/pauldiloreto/Projects/allstarr/src/routes/register.tsx": {"lines":{"total":28,"covered":28,"skipped":0,"pct":100},"functions":{"total":7,"covered":7,"skipped":0,"pct":100},"statements":{"total":28,"covered":28,"skipped":0,"pct":100},"branches":{"total":10,"covered":8,"skipped":0,"pct":80}}
,"/Users/pauldiloreto/Projects/allstarr/src/routes/setup.tsx": {"lines":{"total":24,"covered":24,"skipped":0,"pct":100},"functions":{"total":6,"covered":6,"skipped":0,"pct":100},"statements":{"total":24,"covered":24,"skipped":0,"pct":100},"branches":{"total":8,"covered":6,"skipped":0,"pct":75}}
,"/Users/pauldiloreto/Projects/allstarr/src/routes/_authed/index.tsx": {"lines":{"total":17,"covered":16,"skipped":0,"pct":94.11},"functions":{"total":6,"covered":5,"skipped":0,"pct":83.33},"statements":{"total":17,"covered":16,"skipped":0,"pct":94.11},"branches":{"total":4,"covered":2,"skipped":0,"pct":50}}
,"/Users/pauldiloreto/Projects/allstarr/src/routes/_authed/unmapped-files.tsx": {"lines":{"total":13,"covered":13,"skipped":0,"pct":100},"functions":{"total":3,"covered":3,"skipped":0,"pct":100},"statements":{"total":13,"covered":13,"skipped":0,"pct":100},"branches":{"total":4,"covered":4,"skipped":0,"pct":100}}
,"/Users/pauldiloreto/Projects/allstarr/src/routes/_authed/activity/blocklist.tsx": {"lines":{"total":3,"covered":3,"skipped":0,"pct":100},"functions":{"total":2,"covered":2,"skipped":0,"pct":100},"statements":{"total":3,"covered":3,"skipped":0,"pct":100},"branches":{"total":0,"covered":0,"skipped":0,"pct":100}}
,"/Users/pauldiloreto/Projects/allstarr/src/routes/_authed/activity/history.tsx": {"lines":{"total":3,"covered":3,"skipped":0,"pct":100},"functions":{"total":2,"covered":2,"skipped":0,"pct":100},"statements":{"total":3,"covered":3,"skipped":0,"pct":100},"branches":{"total":0,"covered":0,"skipped":0,"pct":100}}
,"/Users/pauldiloreto/Projects/allstarr/src/routes/_authed/activity/index.tsx": {"lines":{"total":3,"covered":3,"skipped":0,"pct":100},"functions":{"total":1,"covered":1,"skipped":0,"pct":100},"statements":{"total":3,"covered":3,"skipped":0,"pct":100},"branches":{"total":0,"covered":0,"skipped":0,"pct":100}}
,"/Users/pauldiloreto/Projects/allstarr/src/routes/_authed/authors/$authorId.tsx": {"lines":{"total":418,"covered":180,"skipped":0,"pct":43.06},"functions":{"total":124,"covered":59,"skipped":0,"pct":47.58},"statements":{"total":428,"covered":189,"skipped":0,"pct":44.15},"branches":{"total":423,"covered":104,"skipped":0,"pct":24.58}}
,"/Users/pauldiloreto/Projects/allstarr/src/routes/_authed/authors/index.tsx": {"lines":{"total":30,"covered":29,"skipped":0,"pct":96.66},"functions":{"total":11,"covered":10,"skipped":0,"pct":90.9},"statements":{"total":32,"covered":31,"skipped":0,"pct":96.87},"branches":{"total":32,"covered":29,"skipped":0,"pct":90.62}}
,"/Users/pauldiloreto/Projects/allstarr/src/routes/_authed/books/$bookId.tsx": {"lines":{"total":66,"covered":45,"skipped":0,"pct":68.18},"functions":{"total":25,"covered":11,"skipped":0,"pct":44},"statements":{"total":66,"covered":45,"skipped":0,"pct":68.18},"branches":{"total":66,"covered":50,"skipped":0,"pct":75.75}}
,"/Users/pauldiloreto/Projects/allstarr/src/routes/_authed/books/add.tsx": {"lines":{"total":55,"covered":47,"skipped":0,"pct":85.45},"functions":{"total":14,"covered":11,"skipped":0,"pct":78.57},"statements":{"total":55,"covered":47,"skipped":0,"pct":85.45},"branches":{"total":57,"covered":44,"skipped":0,"pct":77.19}}
,"/Users/pauldiloreto/Projects/allstarr/src/routes/_authed/books/index.tsx": {"lines":{"total":52,"covered":47,"skipped":0,"pct":90.38},"functions":{"total":19,"covered":17,"skipped":0,"pct":89.47},"statements":{"total":57,"covered":52,"skipped":0,"pct":91.22},"branches":{"total":50,"covered":40,"skipped":0,"pct":80}}
,"/Users/pauldiloreto/Projects/allstarr/src/routes/_authed/movies/$movieId.tsx": {"lines":{"total":19,"covered":19,"skipped":0,"pct":100},"functions":{"total":5,"covered":5,"skipped":0,"pct":100},"statements":{"total":19,"covered":19,"skipped":0,"pct":100},"branches":{"total":14,"covered":12,"skipped":0,"pct":85.71}}
,"/Users/pauldiloreto/Projects/allstarr/src/routes/_authed/movies/add.tsx": {"lines":{"total":3,"covered":3,"skipped":0,"pct":100},"functions":{"total":2,"covered":2,"skipped":0,"pct":100},"statements":{"total":3,"covered":3,"skipped":0,"pct":100},"branches":{"total":0,"covered":0,"skipped":0,"pct":100}}
,"/Users/pauldiloreto/Projects/allstarr/src/routes/_authed/movies/calendar.tsx": {"lines":{"total":29,"covered":29,"skipped":0,"pct":100},"functions":{"total":8,"covered":8,"skipped":0,"pct":100},"statements":{"total":29,"covered":29,"skipped":0,"pct":100},"branches":{"total":14,"covered":12,"skipped":0,"pct":85.71}}
,"/Users/pauldiloreto/Projects/allstarr/src/routes/_authed/movies/collections.tsx": {"lines":{"total":50,"covered":48,"skipped":0,"pct":96},"functions":{"total":23,"covered":21,"skipped":0,"pct":91.3},"statements":{"total":53,"covered":50,"skipped":0,"pct":94.33},"branches":{"total":30,"covered":21,"skipped":0,"pct":70}}
,"/Users/pauldiloreto/Projects/allstarr/src/routes/_authed/movies/index.tsx": {"lines":{"total":54,"covered":54,"skipped":0,"pct":100},"functions":{"total":23,"covered":23,"skipped":0,"pct":100},"statements":{"total":58,"covered":58,"skipped":0,"pct":100},"branches":{"total":47,"covered":46,"skipped":0,"pct":97.87}}
,"/Users/pauldiloreto/Projects/allstarr/src/routes/_authed/requests/index.tsx": {"lines":{"total":2,"covered":2,"skipped":0,"pct":100},"functions":{"total":1,"covered":1,"skipped":0,"pct":100},"statements":{"total":2,"covered":2,"skipped":0,"pct":100},"branches":{"total":0,"covered":0,"skipped":0,"pct":100}}
,"/Users/pauldiloreto/Projects/allstarr/src/routes/_authed/series/index.tsx": {"lines":{"total":252,"covered":217,"skipped":0,"pct":86.11},"functions":{"total":62,"covered":48,"skipped":0,"pct":77.41},"statements":{"total":253,"covered":218,"skipped":0,"pct":86.16},"branches":{"total":281,"covered":188,"skipped":0,"pct":66.9}}
,"/Users/pauldiloreto/Projects/allstarr/src/routes/_authed/settings/custom-formats.tsx": {"lines":{"total":92,"covered":81,"skipped":0,"pct":88.04},"functions":{"total":20,"covered":17,"skipped":0,"pct":85},"statements":{"total":94,"covered":83,"skipped":0,"pct":88.29},"branches":{"total":40,"covered":31,"skipped":0,"pct":77.5}}
,"/Users/pauldiloreto/Projects/allstarr/src/routes/_authed/settings/download-clients.tsx": {"lines":{"total":58,"covered":55,"skipped":0,"pct":94.82},"functions":{"total":12,"covered":11,"skipped":0,"pct":91.66},"statements":{"total":58,"covered":55,"skipped":0,"pct":94.82},"branches":{"total":67,"covered":61,"skipped":0,"pct":91.04}}
,"/Users/pauldiloreto/Projects/allstarr/src/routes/_authed/settings/formats.tsx": {"lines":{"total":57,"covered":55,"skipped":0,"pct":96.49},"functions":{"total":20,"covered":19,"skipped":0,"pct":95},"statements":{"total":59,"covered":57,"skipped":0,"pct":96.61},"branches":{"total":44,"covered":33,"skipped":0,"pct":75}}
,"/Users/pauldiloreto/Projects/allstarr/src/routes/_authed/settings/general.tsx": {"lines":{"total":18,"covered":18,"skipped":0,"pct":100},"functions":{"total":8,"covered":8,"skipped":0,"pct":100},"statements":{"total":18,"covered":18,"skipped":0,"pct":100},"branches":{"total":8,"covered":8,"skipped":0,"pct":100}}
,"/Users/pauldiloreto/Projects/allstarr/src/routes/_authed/settings/import-lists.tsx": {"lines":{"total":35,"covered":30,"skipped":0,"pct":85.71},"functions":{"total":17,"covered":13,"skipped":0,"pct":76.47},"statements":{"total":35,"covered":30,"skipped":0,"pct":85.71},"branches":{"total":22,"covered":13,"skipped":0,"pct":59.09}}
,"/Users/pauldiloreto/Projects/allstarr/src/routes/_authed/settings/index.tsx": {"lines":{"total":3,"covered":3,"skipped":0,"pct":100},"functions":{"total":2,"covered":2,"skipped":0,"pct":100},"statements":{"total":3,"covered":3,"skipped":0,"pct":100},"branches":{"total":0,"covered":0,"skipped":0,"pct":100}}
,"/Users/pauldiloreto/Projects/allstarr/src/routes/_authed/settings/indexers.tsx": {"lines":{"total":54,"covered":50,"skipped":0,"pct":92.59},"functions":{"total":14,"covered":13,"skipped":0,"pct":92.85},"statements":{"total":55,"covered":51,"skipped":0,"pct":92.72},"branches":{"total":48,"covered":36,"skipped":0,"pct":75}}
,"/Users/pauldiloreto/Projects/allstarr/src/routes/_authed/settings/media-management.tsx": {"lines":{"total":107,"covered":82,"skipped":0,"pct":76.63},"functions":{"total":63,"covered":38,"skipped":0,"pct":60.31},"statements":{"total":110,"covered":85,"skipped":0,"pct":77.27},"branches":{"total":54,"covered":49,"skipped":0,"pct":90.74}}
,"/Users/pauldiloreto/Projects/allstarr/src/routes/_authed/settings/metadata.tsx": {"lines":{"total":46,"covered":42,"skipped":0,"pct":91.3},"functions":{"total":11,"covered":9,"skipped":0,"pct":81.81},"statements":{"total":46,"covered":42,"skipped":0,"pct":91.3},"branches":{"total":30,"covered":20,"skipped":0,"pct":66.66}}
,"/Users/pauldiloreto/Projects/allstarr/src/routes/_authed/settings/profiles.tsx": {"lines":{"total":51,"covered":48,"skipped":0,"pct":94.11},"functions":{"total":18,"covered":18,"skipped":0,"pct":100},"statements":{"total":54,"covered":51,"skipped":0,"pct":94.44},"branches":{"total":26,"covered":22,"skipped":0,"pct":84.61}}
,"/Users/pauldiloreto/Projects/allstarr/src/routes/_authed/settings/users.tsx": {"lines":{"total":123,"covered":100,"skipped":0,"pct":81.3},"functions":{"total":36,"covered":26,"skipped":0,"pct":72.22},"statements":{"total":126,"covered":101,"skipped":0,"pct":80.15},"branches":{"total":50,"covered":34,"skipped":0,"pct":68}}
,"/Users/pauldiloreto/Projects/allstarr/src/routes/_authed/system/events.tsx": {"lines":{"total":3,"covered":3,"skipped":0,"pct":100},"functions":{"total":2,"covered":2,"skipped":0,"pct":100},"statements":{"total":3,"covered":3,"skipped":0,"pct":100},"branches":{"total":0,"covered":0,"skipped":0,"pct":100}}
,"/Users/pauldiloreto/Projects/allstarr/src/routes/_authed/system/index.tsx": {"lines":{"total":3,"covered":3,"skipped":0,"pct":100},"functions":{"total":2,"covered":2,"skipped":0,"pct":100},"statements":{"total":3,"covered":3,"skipped":0,"pct":100},"branches":{"total":0,"covered":0,"skipped":0,"pct":100}}
,"/Users/pauldiloreto/Projects/allstarr/src/routes/_authed/system/status.tsx": {"lines":{"total":37,"covered":37,"skipped":0,"pct":100},"functions":{"total":9,"covered":9,"skipped":0,"pct":100},"statements":{"total":37,"covered":37,"skipped":0,"pct":100},"branches":{"total":26,"covered":26,"skipped":0,"pct":100}}
,"/Users/pauldiloreto/Projects/allstarr/src/routes/_authed/system/tasks.tsx": {"lines":{"total":66,"covered":66,"skipped":0,"pct":100},"functions":{"total":17,"covered":17,"skipped":0,"pct":100},"statements":{"total":66,"covered":66,"skipped":0,"pct":100},"branches":{"total":60,"covered":58,"skipped":0,"pct":96.66}}
,"/Users/pauldiloreto/Projects/allstarr/src/routes/_authed/tv/add.tsx": {"lines":{"total":3,"covered":3,"skipped":0,"pct":100},"functions":{"total":2,"covered":2,"skipped":0,"pct":100},"statements":{"total":3,"covered":3,"skipped":0,"pct":100},"branches":{"total":0,"covered":0,"skipped":0,"pct":100}}
,"/Users/pauldiloreto/Projects/allstarr/src/routes/_authed/tv/calendar.tsx": {"lines":{"total":21,"covered":21,"skipped":0,"pct":100},"functions":{"total":8,"covered":8,"skipped":0,"pct":100},"statements":{"total":23,"covered":23,"skipped":0,"pct":100},"branches":{"total":14,"covered":11,"skipped":0,"pct":78.57}}
,"/Users/pauldiloreto/Projects/allstarr/src/routes/_authed/tv/index.tsx": {"lines":{"total":54,"covered":54,"skipped":0,"pct":100},"functions":{"total":23,"covered":23,"skipped":0,"pct":100},"statements":{"total":58,"covered":58,"skipped":0,"pct":100},"branches":{"total":47,"covered":47,"skipped":0,"pct":100}}
,"/Users/pauldiloreto/Projects/allstarr/src/routes/_authed/tv/series/$showId.tsx": {"lines":{"total":28,"covered":28,"skipped":0,"pct":100},"functions":{"total":9,"covered":9,"skipped":0,"pct":100},"statements":{"total":28,"covered":28,"skipped":0,"pct":100},"branches":{"total":18,"covered":17,"skipped":0,"pct":94.44}}
,"/Users/pauldiloreto/Projects/allstarr/src/routes/api/__test-reset.ts": {"lines":{"total":8,"covered":8,"skipped":0,"pct":100},"functions":{"total":1,"covered":1,"skipped":0,"pct":100},"statements":{"total":8,"covered":8,"skipped":0,"pct":100},"branches":{"total":2,"covered":2,"skipped":0,"pct":100}}
,"/Users/pauldiloreto/Projects/allstarr/src/routes/api/events.ts": {"lines":{"total":10,"covered":10,"skipped":0,"pct":100},"functions":{"total":3,"covered":3,"skipped":0,"pct":100},"statements":{"total":10,"covered":10,"skipped":0,"pct":100},"branches":{"total":2,"covered":2,"skipped":0,"pct":100}}
,"/Users/pauldiloreto/Projects/allstarr/src/routes/api/auth/$.ts": {"lines":{"total":5,"covered":5,"skipped":0,"pct":100},"functions":{"total":2,"covered":2,"skipped":0,"pct":100},"statements":{"total":5,"covered":5,"skipped":0,"pct":100},"branches":{"total":0,"covered":0,"skipped":0,"pct":100}}
,"/Users/pauldiloreto/Projects/allstarr/src/routes/api/images/$.ts": {"lines":{"total":61,"covered":60,"skipped":0,"pct":98.36},"functions":{"total":4,"covered":4,"skipped":0,"pct":100},"statements":{"total":62,"covered":61,"skipped":0,"pct":98.38},"branches":{"total":44,"covered":40,"skipped":0,"pct":90.9}}
,"/Users/pauldiloreto/Projects/allstarr/src/routes/api/v1/indexer/$id.ts": {"lines":{"total":29,"covered":25,"skipped":0,"pct":86.2},"functions":{"total":3,"covered":3,"skipped":0,"pct":100},"statements":{"total":29,"covered":25,"skipped":0,"pct":86.2},"branches":{"total":10,"covered":7,"skipped":0,"pct":70}}
,"/Users/pauldiloreto/Projects/allstarr/src/routes/api/v1/indexer/index.ts": {"lines":{"total":14,"covered":14,"skipped":0,"pct":100},"functions":{"total":3,"covered":3,"skipped":0,"pct":100},"statements":{"total":14,"covered":14,"skipped":0,"pct":100},"branches":{"total":2,"covered":1,"skipped":0,"pct":50}}
,"/Users/pauldiloreto/Projects/allstarr/src/routes/api/v1/indexer/schema.ts": {"lines":{"total":6,"covered":6,"skipped":0,"pct":100},"functions":{"total":2,"covered":2,"skipped":0,"pct":100},"statements":{"total":6,"covered":6,"skipped":0,"pct":100},"branches":{"total":0,"covered":0,"skipped":0,"pct":100}}
,"/Users/pauldiloreto/Projects/allstarr/src/routes/api/v1/indexer/test.ts": {"lines":{"total":3,"covered":3,"skipped":0,"pct":100},"functions":{"total":1,"covered":1,"skipped":0,"pct":100},"statements":{"total":3,"covered":3,"skipped":0,"pct":100},"branches":{"total":0,"covered":0,"skipped":0,"pct":100}}
,"/Users/pauldiloreto/Projects/allstarr/src/routes/api/v1/system/status.ts": {"lines":{"total":7,"covered":7,"skipped":0,"pct":100},"functions":{"total":1,"covered":1,"skipped":0,"pct":100},"statements":{"total":7,"covered":7,"skipped":0,"pct":100},"branches":{"total":2,"covered":1,"skipped":0,"pct":50}}
,"/Users/pauldiloreto/Projects/allstarr/src/server/api-cache.ts": {"lines":{"total":57,"covered":57,"skipped":0,"pct":100},"functions":{"total":12,"covered":12,"skipped":0,"pct":100},"statements":{"total":58,"covered":58,"skipped":0,"pct":100},"branches":{"total":29,"covered":28,"skipped":0,"pct":96.55}}
,"/Users/pauldiloreto/Projects/allstarr/src/server/api-key-auth.ts": {"lines":{"total":11,"covered":11,"skipped":0,"pct":100},"functions":{"total":1,"covered":1,"skipped":0,"pct":100},"statements":{"total":11,"covered":11,"skipped":0,"pct":100},"branches":{"total":8,"covered":8,"skipped":0,"pct":100}}
,"/Users/pauldiloreto/Projects/allstarr/src/server/authors.ts": {"lines":{"total":136,"covered":114,"skipped":0,"pct":83.82},"functions":{"total":29,"covered":19,"skipped":0,"pct":65.51},"statements":{"total":144,"covered":120,"skipped":0,"pct":83.33},"branches":{"total":78,"covered":59,"skipped":0,"pct":75.64}}
,"/Users/pauldiloreto/Projects/allstarr/src/server/auto-search.ts": {"lines":{"total":836,"covered":721,"skipped":0,"pct":86.24},"functions":{"total":108,"covered":93,"skipped":0,"pct":86.11},"statements":{"total":852,"covered":735,"skipped":0,"pct":86.26},"branches":{"total":491,"covered":337,"skipped":0,"pct":68.63}}
,"/Users/pauldiloreto/Projects/allstarr/src/server/blocklist.ts": {"lines":{"total":20,"covered":17,"skipped":0,"pct":85},"functions":{"total":6,"covered":3,"skipped":0,"pct":50},"statements":{"total":20,"covered":17,"skipped":0,"pct":85},"branches":{"total":6,"covered":6,"skipped":0,"pct":100}}
,"/Users/pauldiloreto/Projects/allstarr/src/server/books.ts": {"lines":{"total":326,"covered":290,"skipped":0,"pct":88.95},"functions":{"total":57,"covered":54,"skipped":0,"pct":94.73},"statements":{"total":339,"covered":302,"skipped":0,"pct":89.08},"branches":{"total":239,"covered":181,"skipped":0,"pct":75.73}}
,"/Users/pauldiloreto/Projects/allstarr/src/server/commands.ts": {"lines":{"total":34,"covered":33,"skipped":0,"pct":97.05},"functions":{"total":9,"covered":8,"skipped":0,"pct":88.88},"statements":{"total":36,"covered":34,"skipped":0,"pct":94.44},"branches":{"total":12,"covered":7,"skipped":0,"pct":58.33}}
,"/Users/pauldiloreto/Projects/allstarr/src/server/custom-format-import-export.ts": {"lines":{"total":29,"covered":27,"skipped":0,"pct":93.1},"functions":{"total":5,"covered":5,"skipped":0,"pct":100},"statements":{"total":30,"covered":28,"skipped":0,"pct":93.33},"branches":{"total":8,"covered":7,"skipped":0,"pct":87.5}}
,"/Users/pauldiloreto/Projects/allstarr/src/server/custom-format-presets.ts": {"lines":{"total":32,"covered":32,"skipped":0,"pct":100},"functions":{"total":9,"covered":9,"skipped":0,"pct":100},"statements":{"total":35,"covered":35,"skipped":0,"pct":100},"branches":{"total":10,"covered":9,"skipped":0,"pct":90}}
,"/Users/pauldiloreto/Projects/allstarr/src/server/custom-formats.ts": {"lines":{"total":75,"covered":75,"skipped":0,"pct":100},"functions":{"total":24,"covered":24,"skipped":0,"pct":100},"statements":{"total":77,"covered":77,"skipped":0,"pct":100},"branches":{"total":12,"covered":12,"skipped":0,"pct":100}}
,"/Users/pauldiloreto/Projects/allstarr/src/server/dashboard.ts": {"lines":{"total":60,"covered":60,"skipped":0,"pct":100},"functions":{"total":12,"covered":12,"skipped":0,"pct":100},"statements":{"total":61,"covered":61,"skipped":0,"pct":100},"branches":{"total":40,"covered":27,"skipped":0,"pct":67.5}}
,"/Users/pauldiloreto/Projects/allstarr/src/server/disk-scan.ts": {"lines":{"total":175,"covered":163,"skipped":0,"pct":93.14},"functions":{"total":28,"covered":27,"skipped":0,"pct":96.42},"statements":{"total":180,"covered":168,"skipped":0,"pct":93.33},"branches":{"total":62,"covered":49,"skipped":0,"pct":79.03}}
,"/Users/pauldiloreto/Projects/allstarr/src/server/download-clients.ts": {"lines":{"total":24,"covered":24,"skipped":0,"pct":100},"functions":{"total":9,"covered":9,"skipped":0,"pct":100},"statements":{"total":24,"covered":24,"skipped":0,"pct":100},"branches":{"total":0,"covered":0,"skipped":0,"pct":100}}
,"/Users/pauldiloreto/Projects/allstarr/src/server/download-manager.ts": {"lines":{"total":76,"covered":76,"skipped":0,"pct":100},"functions":{"total":5,"covered":5,"skipped":0,"pct":100},"statements":{"total":77,"covered":77,"skipped":0,"pct":100},"branches":{"total":55,"covered":54,"skipped":0,"pct":98.18}}
,"/Users/pauldiloreto/Projects/allstarr/src/server/download-profiles.ts": {"lines":{"total":134,"covered":122,"skipped":0,"pct":91.04},"functions":{"total":22,"covered":14,"skipped":0,"pct":63.63},"statements":{"total":135,"covered":123,"skipped":0,"pct":91.11},"branches":{"total":38,"covered":29,"skipped":0,"pct":76.31}}
,"/Users/pauldiloreto/Projects/allstarr/src/server/event-bus.ts": {"lines":{"total":10,"covered":10,"skipped":0,"pct":100},"functions":{"total":4,"covered":4,"skipped":0,"pct":100},"statements":{"total":10,"covered":10,"skipped":0,"pct":100},"branches":{"total":0,"covered":0,"skipped":0,"pct":100}}
,"/Users/pauldiloreto/Projects/allstarr/src/server/failed-download-handler.ts": {"lines":{"total":15,"covered":15,"skipped":0,"pct":100},"functions":{"total":1,"covered":1,"skipped":0,"pct":100},"statements":{"total":15,"covered":15,"skipped":0,"pct":100},"branches":{"total":14,"covered":13,"skipped":0,"pct":92.85}}
,"/Users/pauldiloreto/Projects/allstarr/src/server/file-import.ts": {"lines":{"total":356,"covered":323,"skipped":0,"pct":90.73},"functions":{"total":30,"covered":30,"skipped":0,"pct":100},"statements":{"total":358,"covered":325,"skipped":0,"pct":90.78},"branches":{"total":221,"covered":173,"skipped":0,"pct":78.28}}
[...]
,"/Users/pauldiloreto/Projects/allstarr/src/server/media-probe.ts": {"lines":{"total":73,"covered":70,"skipped":0,"pct":95.89},"functions":{"total":8,"covered":8,"skipped":0,"pct":100},"statements":{"total":75,"covered":72,"skipped":0,"pct":96},"branches":{"total":54,"covered":43,"skipped":0,"pct":79.62}}
,"/Users/pauldiloreto/Projects/allstarr/src/server/metadata-profile.ts": {"lines":{"total":4,"covered":4,"skipped":0,"pct":100},"functions":{"total":1,"covered":1,"skipped":0,"pct":100},"statements":{"total":4,"covered":4,"skipped":0,"pct":100},"branches":{"total":2,"covered":2,"skipped":0,"pct":100}}
,"/Users/pauldiloreto/Projects/allstarr/src/server/middleware.ts": {"lines":{"total":16,"covered":14,"skipped":0,"pct":87.5},"functions":{"total":4,"covered":4,"skipped":0,"pct":100},"statements":{"total":16,"covered":14,"skipped":0,"pct":87.5},"branches":{"total":6,"covered":5,"skipped":0,"pct":83.33}}
,"/Users/pauldiloreto/Projects/allstarr/src/server/movie-collections.ts": {"lines":{"total":135,"covered":129,"skipped":0,"pct":95.55},"functions":{"total":29,"covered":24,"skipped":0,"pct":82.75},"statements":{"total":141,"covered":133,"skipped":0,"pct":94.32},"branches":{"total":64,"covered":49,"skipped":0,"pct":76.56}}
,"/Users/pauldiloreto/Projects/allstarr/src/server/movies.ts": {"lines":{"total":157,"covered":157,"skipped":0,"pct":100},"functions":{"total":25,"covered":25,"skipped":0,"pct":100},"statements":{"total":162,"covered":162,"skipped":0,"pct":100},"branches":{"total":82,"covered":82,"skipped":0,"pct":100}}
,"/Users/pauldiloreto/Projects/allstarr/src/server/oidc-providers.ts": {"lines":{"total":22,"covered":22,"skipped":0,"pct":100},"functions":{"total":7,"covered":7,"skipped":0,"pct":100},"statements":{"total":22,"covered":22,"skipped":0,"pct":100},"branches":{"total":2,"covered":2,"skipped":0,"pct":100}}
,"/Users/pauldiloreto/Projects/allstarr/src/server/profile-languages.ts": {"lines":{"total":2,"covered":2,"skipped":0,"pct":100},"functions":{"total":2,"covered":2,"skipped":0,"pct":100},"statements":{"total":3,"covered":3,"skipped":0,"pct":100},"branches":{"total":0,"covered":0,"skipped":0,"pct":100}}
,"/Users/pauldiloreto/Projects/allstarr/src/server/queue.ts": {"lines":{"total":79,"covered":79,"skipped":0,"pct":100},"functions":{"total":14,"covered":14,"skipped":0,"pct":100},"statements":{"total":79,"covered":79,"skipped":0,"pct":100},"branches":{"total":48,"covered":45,"skipped":0,"pct":93.75}}
,"/Users/pauldiloreto/Projects/allstarr/src/server/root-folders.ts": {"lines":{"total":2,"covered":2,"skipped":0,"pct":100},"functions":{"total":2,"covered":2,"skipped":0,"pct":100},"statements":{"total":3,"covered":3,"skipped":0,"pct":100},"branches":{"total":0,"covered":0,"skipped":0,"pct":100}}
,"/Users/pauldiloreto/Projects/allstarr/src/server/search.ts": {"lines":{"total":399,"covered":343,"skipped":0,"pct":85.96},"functions":{"total":65,"covered":63,"skipped":0,"pct":96.92},"statements":{"total":411,"covered":353,"skipped":0,"pct":85.88},"branches":{"total":360,"covered":248,"skipped":0,"pct":68.88}}
,"/Users/pauldiloreto/Projects/allstarr/src/server/series.ts": {"lines":{"total":139,"covered":138,"skipped":0,"pct":99.28},"functions":{"total":27,"covered":27,"skipped":0,"pct":100},"statements":{"total":146,"covered":145,"skipped":0,"pct":99.31},"branches":{"total":70,"covered":59,"skipped":0,"pct":84.28}}
,"/Users/pauldiloreto/Projects/allstarr/src/server/settings-reader.ts": {"lines":{"total":1,"covered":1,"skipped":0,"pct":100},"functions":{"total":1,"covered":1,"skipped":0,"pct":100},"statements":{"total":1,"covered":1,"skipped":0,"pct":100},"branches":{"total":0,"covered":0,"skipped":0,"pct":100}}
,"/Users/pauldiloreto/Projects/allstarr/src/server/settings-store.ts": {"lines":{"total":3,"covered":3,"skipped":0,"pct":100},"functions":{"total":2,"covered":2,"skipped":0,"pct":100},"statements":{"total":3,"covered":3,"skipped":0,"pct":100},"branches":{"total":0,"covered":0,"skipped":0,"pct":100}}
,"/Users/pauldiloreto/Projects/allstarr/src/server/settings-value.ts": {"lines":{"total":7,"covered":7,"skipped":0,"pct":100},"functions":{"total":1,"covered":1,"skipped":0,"pct":100},"statements":{"total":7,"covered":7,"skipped":0,"pct":100},"branches":{"total":6,"covered":6,"skipped":0,"pct":100}}
,"/Users/pauldiloreto/Projects/allstarr/src/server/settings.ts": {"lines":{"total":25,"covered":25,"skipped":0,"pct":100},"functions":{"total":7,"covered":7,"skipped":0,"pct":100},"statements":{"total":25,"covered":25,"skipped":0,"pct":100},"branches":{"total":0,"covered":0,"skipped":0,"pct":100}}
,"/Users/pauldiloreto/Projects/allstarr/src/server/setup.ts": {"lines":{"total":7,"covered":7,"skipped":0,"pct":100},"functions":{"total":2,"covered":2,"skipped":0,"pct":100},"statements":{"total":7,"covered":7,"skipped":0,"pct":100},"branches":{"total":0,"covered":0,"skipped":0,"pct":100}}
,"/Users/pauldiloreto/Projects/allstarr/src/server/shows.ts": {"lines":{"total":331,"covered":309,"skipped":0,"pct":93.35},"functions":{"total":68,"covered":50,"skipped":0,"pct":73.52},"statements":{"total":346,"covered":321,"skipped":0,"pct":92.77},"branches":{"total":179,"covered":162,"skipped":0,"pct":90.5}}
,"/Users/pauldiloreto/Projects/allstarr/src/server/system-info.ts": {"lines":{"total":48,"covered":48,"skipped":0,"pct":100},"functions":{"total":5,"covered":5,"skipped":0,"pct":100},"statements":{"total":48,"covered":48,"skipped":0,"pct":100},"branches":{"total":22,"covered":20,"skipped":0,"pct":90.9}}
,"/Users/pauldiloreto/Projects/allstarr/src/server/system-status.ts": {"lines":{"total":4,"covered":4,"skipped":0,"pct":100},"functions":{"total":1,"covered":1,"skipped":0,"pct":100},"statements":{"total":4,"covered":4,"skipped":0,"pct":100},"branches":{"total":0,"covered":0,"skipped":0,"pct":100}}
,"/Users/pauldiloreto/Projects/allstarr/src/server/tasks.ts": {"lines":{"total":24,"covered":24,"skipped":0,"pct":100},"functions":{"total":6,"covered":6,"skipped":0,"pct":100},"statements":{"total":24,"covered":24,"skipped":0,"pct":100},"branches":{"total":14,"covered":14,"skipped":0,"pct":100}}
,"/Users/pauldiloreto/Projects/allstarr/src/server/unmapped-files.ts": {"lines":{"total":168,"covered":168,"skipped":0,"pct":100},"functions":{"total":19,"covered":19,"skipped":0,"pct":100},"statements":{"total":170,"covered":170,"skipped":0,"pct":100},"branches":{"total":58,"covered":50,"skipped":0,"pct":86.2}}
,"/Users/pauldiloreto/Projects/allstarr/src/server/user-settings.ts": {"lines":{"total":26,"covered":26,"skipped":0,"pct":100},"functions":{"total":6,"covered":6,"skipped":0,"pct":100},"statements":{"total":26,"covered":26,"skipped":0,"pct":100},"branches":{"total":18,"covered":18,"skipped":0,"pct":100}}
,"/Users/pauldiloreto/Projects/allstarr/src/server/users.ts": {"lines":{"total":44,"covered":44,"skipped":0,"pct":100},"functions":{"total":13,"covered":13,"skipped":0,"pct":100},"statements":{"total":45,"covered":45,"skipped":0,"pct":100},"branches":{"total":16,"covered":16,"skipped":0,"pct":100}}
,"/Users/pauldiloreto/Projects/allstarr/src/server/__tests__/helpers/http-test-server.ts": {"lines":{"total":26,"covered":20,"skipped":0,"pct":76.92},"functions":{"total":9,"covered":8,"skipped":0,"pct":88.88},"statements":{"total":26,"covered":20,"skipped":0,"pct":76.92},"branches":{"total":14,"covered":7,"skipped":0,"pct":50}}
,"/Users/pauldiloreto/Projects/allstarr/src/server/download-clients/blackhole-node.ts": {"lines":{"total":16,"covered":16,"skipped":0,"pct":100},"functions":{"total":6,"covered":6,"skipped":0,"pct":100},"statements":{"total":16,"covered":16,"skipped":0,"pct":100},"branches":{"total":6,"covered":6,"skipped":0,"pct":100}}
,"/Users/pauldiloreto/Projects/allstarr/src/server/download-clients/blackhole.ts": {"lines":{"total":35,"covered":35,"skipped":0,"pct":100},"functions":{"total":7,"covered":7,"skipped":0,"pct":100},"statements":{"total":36,"covered":36,"skipped":0,"pct":100},"branches":{"total":18,"covered":17,"skipped":0,"pct":94.44}}
,"/Users/pauldiloreto/Projects/allstarr/src/server/download-clients/deluge.ts": {"lines":{"total":84,"covered":84,"skipped":0,"pct":100},"functions":{"total":10,"covered":10,"skipped":0,"pct":100},"statements":{"total":84,"covered":84,"skipped":0,"pct":100},"branches":{"total":81,"covered":67,"skipped":0,"pct":82.71}}
,"/Users/pauldiloreto/Projects/allstarr/src/server/download-clients/http.ts": {"lines":{"total":16,"covered":16,"skipped":0,"pct":100},"functions":{"total":3,"covered":3,"skipped":0,"pct":100},"statements":{"total":17,"covered":17,"skipped":0,"pct":100},"branches":{"total":13,"covered":13,"skipped":0,"pct":100}}
,"/Users/pauldiloreto/Projects/allstarr/src/server/download-clients/nzbget.ts": {"lines":{"total":58,"covered":58,"skipped":0,"pct":100},"functions":{"total":10,"covered":10,"skipped":0,"pct":100},"statements":{"total":58,"covered":58,"skipped":0,"pct":100},"branches":{"total":72,"covered":69,"skipped":0,"pct":95.83}}
,"/Users/pauldiloreto/Projects/allstarr/src/server/download-clients/qbittorrent.ts": {"lines":{"total":86,"covered":86,"skipped":0,"pct":100},"functions":{"total":10,"covered":10,"skipped":0,"pct":100},"statements":{"total":86,"covered":86,"skipped":0,"pct":100},"branches":{"total":109,"covered":108,"skipped":0,"pct":99.08}}
,"/Users/pauldiloreto/Projects/allstarr/src/server/download-clients/registry.ts": {"lines":{"total":11,"covered":11,"skipped":0,"pct":100},"functions":{"total":1,"covered":1,"skipped":0,"pct":100},"statements":{"total":11,"covered":11,"skipped":0,"pct":100},"branches":{"total":10,"covered":10,"skipped":0,"pct":100}}
,"/Users/pauldiloreto/Projects/allstarr/src/server/download-clients/rtorrent.ts": {"lines":{"total":83,"covered":79,"skipped":0,"pct":95.18},"functions":{"total":16,"covered":15,"skipped":0,"pct":93.75},"statements":{"total":86,"covered":81,"skipped":0,"pct":94.18},"branches":{"total":78,"covered":66,"skipped":0,"pct":84.61}}
,"/Users/pauldiloreto/Projects/allstarr/src/server/download-clients/sabnzbd.ts": {"lines":{"total":80,"covered":80,"skipped":0,"pct":100},"functions":{"total":14,"covered":14,"skipped":0,"pct":100},"statements":{"total":80,"covered":80,"skipped":0,"pct":100},"branches":{"total":82,"covered":82,"skipped":0,"pct":100}}
,"/Users/pauldiloreto/Projects/allstarr/src/server/download-clients/transmission.ts": {"lines":{"total":63,"covered":63,"skipped":0,"pct":100},"functions":{"total":10,"covered":10,"skipped":0,"pct":100},"statements":{"total":63,"covered":63,"skipped":0,"pct":100},"branches":{"total":71,"covered":67,"skipped":0,"pct":94.36}}
,"/Users/pauldiloreto/Projects/allstarr/src/server/hardcover/client.ts": {"lines":{"total":31,"covered":31,"skipped":0,"pct":100},"functions":{"total":4,"covered":3,"skipped":0,"pct":75},"statements":{"total":32,"covered":31,"skipped":0,"pct":96.87},"branches":{"total":22,"covered":22,"skipped":0,"pct":100}}
,"/Users/pauldiloreto/Projects/allstarr/src/server/hardcover/constants.ts": {"lines":{"total":2,"covered":2,"skipped":0,"pct":100},"functions":{"total":1,"covered":1,"skipped":0,"pct":100},"statements":{"total":3,"covered":3,"skipped":0,"pct":100},"branches":{"total":0,"covered":0,"skipped":0,"pct":100}}
,"/Users/pauldiloreto/Projects/allstarr/src/server/hardcover/import-queries.ts": {"lines":{"total":149,"covered":147,"skipped":0,"pct":98.65},"functions":{"total":24,"covered":23,"skipped":0,"pct":95.83},"statements":{"total":152,"covered":150,"skipped":0,"pct":98.68},"branches":{"total":209,"covered":176,"skipped":0,"pct":84.21}}
,"/Users/pauldiloreto/Projects/allstarr/src/server/hardcover/record-helpers.ts": {"lines":{"total":82,"covered":82,"skipped":0,"pct":100},"functions":{"total":20,"covered":20,"skipped":0,"pct":100},"statements":{"total":83,"covered":83,"skipped":0,"pct":100},"branches":{"total":71,"covered":69,"skipped":0,"pct":97.18}}
,"/Users/pauldiloreto/Projects/allstarr/src/server/indexers/cf-scoring.ts": {"lines":{"total":80,"covered":77,"skipped":0,"pct":96.25},"functions":{"total":14,"covered":14,"skipped":0,"pct":100},"statements":{"total":84,"covered":81,"skipped":0,"pct":96.42},"branches":{"total":69,"covered":66,"skipped":0,"pct":95.65}}
,"/Users/pauldiloreto/Projects/allstarr/src/server/indexers/format-parser.ts": {"lines":{"total":108,"covered":106,"skipped":0,"pct":98.14},"functions":{"total":19,"covered":18,"skipped":0,"pct":94.73},"statements":{"total":111,"covered":108,"skipped":0,"pct":97.29},"branches":{"total":80,"covered":70,"skipped":0,"pct":87.5}}
,"/Users/pauldiloreto/Projects/allstarr/src/server/indexers/http.ts": {"lines":{"total":166,"covered":162,"skipped":0,"pct":97.59},"functions":{"total":20,"covered":20,"skipped":0,"pct":100},"statements":{"total":167,"covered":163,"skipped":0,"pct":97.6},"branches":{"total":142,"covered":126,"skipped":0,"pct":88.73}}
,"/Users/pauldiloreto/Projects/allstarr/src/server/indexers/release-type-parser.ts": {"lines":{"total":54,"covered":53,"skipped":0,"pct":98.14},"functions":{"total":5,"covered":5,"skipped":0,"pct":100},"statements":{"total":55,"covered":54,"skipped":0,"pct":98.18},"branches":{"total":25,"covered":24,"skipped":0,"pct":96}}
,"/Users/pauldiloreto/Projects/allstarr/src/server/scheduler/index.ts": {"lines":{"total":58,"covered":57,"skipped":0,"pct":98.27},"functions":{"total":10,"covered":9,"skipped":0,"pct":90},"statements":{"total":60,"covered":58,"skipped":0,"pct":96.66},"branches":{"total":20,"covered":18,"skipped":0,"pct":90}}
,"/Users/pauldiloreto/Projects/allstarr/src/server/scheduler/registry.ts": {"lines":{"total":4,"covered":4,"skipped":0,"pct":100},"functions":{"total":3,"covered":3,"skipped":0,"pct":100},"statements":{"total":4,"covered":4,"skipped":0,"pct":100},"branches":{"total":0,"covered":0,"skipped":0,"pct":100}}
,"/Users/pauldiloreto/Projects/allstarr/src/server/scheduler/state.ts": {"lines":{"total":5,"covered":5,"skipped":0,"pct":100},"functions":{"total":4,"covered":4,"skipped":0,"pct":100},"statements":{"total":5,"covered":5,"skipped":0,"pct":100},"branches":{"total":0,"covered":0,"skipped":0,"pct":100}}
,"/Users/pauldiloreto/Projects/allstarr/src/server/scheduler/timers.ts": {"lines":{"total":17,"covered":16,"skipped":0,"pct":94.11},"functions":{"total":5,"covered":5,"skipped":0,"pct":100},"statements":{"total":18,"covered":17,"skipped":0,"pct":94.44},"branches":{"total":6,"covered":5,"skipped":0,"pct":83.33}}
,"/Users/pauldiloreto/Projects/allstarr/src/server/scheduler/tasks/backup.ts": {"lines":{"total":17,"covered":17,"skipped":0,"pct":100},"functions":{"total":2,"covered":2,"skipped":0,"pct":100},"statements":{"total":17,"covered":17,"skipped":0,"pct":100},"branches":{"total":6,"covered":6,"skipped":0,"pct":100}}
,"/Users/pauldiloreto/Projects/allstarr/src/server/scheduler/tasks/check-health.ts": {"lines":{"total":22,"covered":22,"skipped":0,"pct":100},"functions":{"total":2,"covered":2,"skipped":0,"pct":100},"statements":{"total":22,"covered":22,"skipped":0,"pct":100},"branches":{"total":12,"covered":12,"skipped":0,"pct":100}}
,"/Users/pauldiloreto/Projects/allstarr/src/server/scheduler/tasks/housekeeping.ts": {"lines":{"total":5,"covered":5,"skipped":0,"pct":100},"functions":{"total":1,"covered":1,"skipped":0,"pct":100},"statements":{"total":5,"covered":5,"skipped":0,"pct":100},"branches":{"total":0,"covered":0,"skipped":0,"pct":100}}
,"/Users/pauldiloreto/Projects/allstarr/src/server/scheduler/tasks/refresh-downloads.ts": {"lines":{"total":17,"covered":17,"skipped":0,"pct":100},"functions":{"total":3,"covered":3,"skipped":0,"pct":100},"statements":{"total":17,"covered":17,"skipped":0,"pct":100},"branches":{"total":8,"covered":8,"skipped":0,"pct":100}}
,"/Users/pauldiloreto/Projects/allstarr/src/server/scheduler/tasks/refresh-metadata.ts": {"lines":{"total":55,"covered":55,"skipped":0,"pct":100},"functions":{"total":7,"covered":7,"skipped":0,"pct":100},"statements":{"total":55,"covered":55,"skipped":0,"pct":100},"branches":{"total":22,"covered":21,"skipped":0,"pct":95.45}}
,"/Users/pauldiloreto/Projects/allstarr/src/server/scheduler/tasks/refresh-series-metadata.ts": {"lines":{"total":13,"covered":13,"skipped":0,"pct":100},"functions":{"total":1,"covered":1,"skipped":0,"pct":100},"statements":{"total":13,"covered":13,"skipped":0,"pct":100},"branches":{"total":8,"covered":8,"skipped":0,"pct":100}}
,"/Users/pauldiloreto/Projects/allstarr/src/server/scheduler/tasks/refresh-tmdb-metadata.ts": {"lines":{"total":47,"covered":47,"skipped":0,"pct":100},"functions":{"total":4,"covered":4,"skipped":0,"pct":100},"statements":{"total":47,"covered":47,"skipped":0,"pct":100},"branches":{"total":18,"covered":17,"skipped":0,"pct":94.44}}
,"/Users/pauldiloreto/Projects/allstarr/src/server/scheduler/tasks/rescan-folders.ts": {"lines":{"total":32,"covered":32,"skipped":0,"pct":100},"functions":{"total":2,"covered":2,"skipped":0,"pct":100},"statements":{"total":32,"covered":32,"skipped":0,"pct":100},"branches":{"total":23,"covered":23,"skipped":0,"pct":100}}
,"/Users/pauldiloreto/Projects/allstarr/src/server/scheduler/tasks/rss-sync.ts": {"lines":{"total":31,"covered":31,"skipped":0,"pct":100},"functions":{"total":7,"covered":7,"skipped":0,"pct":100},"statements":{"total":32,"covered":32,"skipped":0,"pct":100},"branches":{"total":24,"covered":24,"skipped":0,"pct":100}}
,"/Users/pauldiloreto/Projects/allstarr/src/server/scheduler/tasks/search-missing.ts": {"lines":{"total":34,"covered":34,"skipped":0,"pct":100},"functions":{"total":7,"covered":7,"skipped":0,"pct":100},"statements":{"total":35,"covered":35,"skipped":0,"pct":100},"branches":{"total":28,"covered":28,"skipped":0,"pct":100}}
,"/Users/pauldiloreto/Projects/allstarr/src/server/synced-indexers/logging.ts": {"lines":{"total":5,"covered":5,"skipped":0,"pct":100},"functions":{"total":3,"covered":3,"skipped":0,"pct":100},"statements":{"total":5,"covered":5,"skipped":0,"pct":100},"branches":{"total":2,"covered":2,"skipped":0,"pct":100}}
,"/Users/pauldiloreto/Projects/allstarr/src/server/synced-indexers/mapper.ts": {"lines":{"total":19,"covered":18,"skipped":0,"pct":94.73},"functions":{"total":9,"covered":9,"skipped":0,"pct":100},"statements":{"total":21,"covered":20,"skipped":0,"pct":95.23},"branches":{"total":37,"covered":26,"skipped":0,"pct":70.27}}
,"/Users/pauldiloreto/Projects/allstarr/src/server/synced-indexers/schema-templates.ts": {"lines":{"total":1,"covered":1,"skipped":0,"pct":100},"functions":{"total":1,"covered":1,"skipped":0,"pct":100},"statements":{"total":1,"covered":1,"skipped":0,"pct":100},"branches":{"total":0,"covered":0,"skipped":0,"pct":100}}
,"/Users/pauldiloreto/Projects/allstarr/src/server/tmdb/client.ts": {"lines":{"total":21,"covered":21,"skipped":0,"pct":100},"functions":{"total":3,"covered":3,"skipped":0,"pct":100},"statements":{"total":21,"covered":21,"skipped":0,"pct":100},"branches":{"total":10,"covered":9,"skipped":0,"pct":90}}
,"/Users/pauldiloreto/Projects/allstarr/src/server/tmdb/search.ts": {"lines":{"total":21,"covered":21,"skipped":0,"pct":100},"functions":{"total":8,"covered":8,"skipped":0,"pct":100},"statements":{"total":21,"covered":21,"skipped":0,"pct":100},"branches":{"total":12,"covered":12,"skipped":0,"pct":100}}
,"/Users/pauldiloreto/Projects/allstarr/src/server/tmdb/shows.ts": {"lines":{"total":35,"covered":35,"skipped":0,"pct":100},"functions":{"total":16,"covered":16,"skipped":0,"pct":100},"statements":{"total":35,"covered":35,"skipped":0,"pct":100},"branches":{"total":8,"covered":8,"skipped":0,"pct":100}}
,"/Users/pauldiloreto/Projects/allstarr/src/server/utils/movie-helpers.ts": {"lines":{"total":8,"covered":8,"skipped":0,"pct":100},"functions":{"total":3,"covered":3,"skipped":0,"pct":100},"statements":{"total":8,"covered":8,"skipped":0,"pct":100},"branches":{"total":9,"covered":9,"skipped":0,"pct":100}}
}
